#-----------------------------------------------------------
# Vivado v2024.2 (64-bit)
# SW Build 5239630 on Fri Nov 08 22:35:27 MST 2024
# IP Build 5239520 on Sun Nov 10 16:12:51 MST 2024
# SharedData Build 5239561 on Fri Nov 08 14:39:27 MST 2024
# Start of session at: Mon May  5 17:01:38 2025
# Process ID         : 9312
# Current directory  : C:/Users/C27Charles.Liermann/Documents/ECE281/Labs/lab5.copy/Lab-5
# Command line       : vivado.exe -gui_launcher_event rodinguilauncherevent8116 C:\Users\C27Charles.Liermann\Documents\ECE281\Labs\lab5.copy\Lab-5\basic_cpu.xpr
# Log file           : C:/Users/C27Charles.Liermann/Documents/ECE281/Labs/lab5.copy/Lab-5/vivado.log
# Journal file       : C:/Users/C27Charles.Liermann/Documents/ECE281/Labs/lab5.copy/Lab-5\vivado.jou
# Running On         : C27-5CG31326RQ
# Platform           : Windows Server 2016 or Windows 10
# Operating System   : 22631
# Processor Detail   : AMD Ryzen 7 PRO 6850U with Radeon Graphics     
# CPU Frequency      : 2695 MHz
# CPU Physical cores : 8
# CPU Logical cores  : 16
# Host memory        : 16442 MB
# Swap memory        : 13958 MB
# Total Virtual      : 30401 MB
# Available Virtual  : 15212 MB
#-----------------------------------------------------------
start_gui
open_project C:/Users/C27Charles.Liermann/Documents/ECE281/Labs/lab5.copy/Lab-5/basic_cpu.xpr
INFO: [Project 1-313] Project file moved from 'C:/Users/C27Grace.Kurian/ece281/LAB/lab5.copy/Lab-5' since last save.
INFO: [filemgmt 56-3] Default IP Output Path : Could not find the directory 'C:/Users/C27Charles.Liermann/Documents/ECE281/Labs/lab5.copy/Lab-5/basic_cpu.gen/sources_1'.
WARNING: [filemgmt 56-3] IPUserFilesDir: Could not find the directory 'C:/Users/C27Charles.Liermann/Documents/ECE281/Labs/lab5.copy/Lab-5/basic_cpu.ip_user_files'.
Scanning sources...
Finished scanning sources
INFO: [IP_Flow 19-234] Refreshing IP repositories
INFO: [IP_Flow 19-1704] No user IP repositories specified
INFO: [IP_Flow 19-2313] Loaded Vivado IP repository 'C:/Xilinx/Vivado/2024.2/data/ip'.
open_project: Time (s): cpu = 00:00:10 ; elapsed = 00:00:11 . Memory (MB): peak = 1123.094 ; gain = 72.762
update_compile_order -fileset sources_1
reset_run synth_1
INFO: [Project 1-1161] Replacing file C:/Users/C27Charles.Liermann/Documents/ECE281/Labs/lab5.copy/Lab-5/basic_cpu.srcs/utils_1/imports/synth_1/top_basys3.dcp with file C:/Users/C27Charles.Liermann/Documents/ECE281/Labs/lab5.copy/Lab-5/basic_cpu.runs/synth_1/top_basys3.dcp
launch_runs impl_1 -to_step write_bitstream -jobs 8
[Mon May  5 17:08:22 2025] Launched synth_1...
Run output will be captured here: C:/Users/C27Charles.Liermann/Documents/ECE281/Labs/lab5.copy/Lab-5/basic_cpu.runs/synth_1/runme.log
[Mon May  5 17:08:22 2025] Launched impl_1...
Run output will be captured here: C:/Users/C27Charles.Liermann/Documents/ECE281/Labs/lab5.copy/Lab-5/basic_cpu.runs/impl_1/runme.log
reset_run synth_1
WARNING: [Vivado 12-1017] Problems encountered:
1. Failed to delete one or more files in run directory C:/Users/C27Charles.Liermann/Documents/ECE281/Labs/lab5.copy/Lab-5/basic_cpu.runs/synth_1

WARNING: [filemgmt 56-199] Attempt to get parsing info during refresh. "On-the-fly" syntax checking information may be incorrect. [C:\Users\C27Charles.Liermann\Documents\ECE281\Labs\lab5.copy\Lab-5\basic_cpu.srcs\sources_1\imports\src\sevenSegDecoder.vhd:]
WARNING: [filemgmt 56-199] Attempt to get parsing info during refresh. "On-the-fly" syntax checking information may be incorrect. [C:\Users\C27Charles.Liermann\Documents\ECE281\Labs\lab5.copy\Lab-5\src\top_basys3.vhd:]
WARNING: [filemgmt 56-199] Attempt to get parsing info during refresh. "On-the-fly" syntax checking information may be incorrect. [C:\Users\C27Charles.Liermann\Documents\ECE281\Labs\lab5.copy\Lab-5\basic_cpu.srcs\sources_1\imports\src\sevenSegDecoder.vhd:]
WARNING: [filemgmt 56-199] Attempt to get parsing info during refresh. "On-the-fly" syntax checking information may be incorrect. [C:\Users\C27Charles.Liermann\Documents\ECE281\Labs\lab5.copy\Lab-5\basic_cpu.srcs\sources_1\imports\src\sevenSegDecoder.vhd:]
launch_runs impl_1 -to_step write_bitstream -jobs 8
ERROR: [Common 17-180] Spawn failed: No error
[Mon May  5 17:09:25 2025] Launched synth_1...
Run output will be captured here: C:/Users/C27Charles.Liermann/Documents/ECE281/Labs/lab5.copy/Lab-5/basic_cpu.runs/synth_1/runme.log
[Mon May  5 17:09:25 2025] Launched impl_1...
Run output will be captured here: C:/Users/C27Charles.Liermann/Documents/ECE281/Labs/lab5.copy/Lab-5/basic_cpu.runs/impl_1/runme.log
ERROR: [Common 17-39] 'launch_runs' failed due to earlier errors.
reset_run impl_1
WARNING: [filemgmt 56-199] Attempt to get parsing info during refresh. "On-the-fly" syntax checking information may be incorrect. [C:\Users\C27Charles.Liermann\Documents\ECE281\Labs\lab5.copy\Lab-5\basic_cpu.srcs\sources_1\imports\src\sevenSegDecoder.vhd:]
WARNING: [filemgmt 56-199] Attempt to get parsing info during refresh. "On-the-fly" syntax checking information may be incorrect. [C:\Users\C27Charles.Liermann\Documents\ECE281\Labs\lab5.copy\Lab-5\src\top_basys3.vhd:]
WARNING: [filemgmt 56-199] Attempt to get parsing info during refresh. "On-the-fly" syntax checking information may be incorrect. [C:\Users\C27Charles.Liermann\Documents\ECE281\Labs\lab5.copy\Lab-5\basic_cpu.srcs\sources_1\imports\src\sevenSegDecoder.vhd:]
WARNING: [filemgmt 56-199] Attempt to get parsing info during refresh. "On-the-fly" syntax checking information may be incorrect. [C:\Users\C27Charles.Liermann\Documents\ECE281\Labs\lab5.copy\Lab-5\basic_cpu.srcs\sources_1\imports\src\sevenSegDecoder.vhd:]
reset_run synth_1
INFO: [Project 1-1161] Replacing file C:/Users/C27Charles.Liermann/Documents/ECE281/Labs/lab5.copy/Lab-5/basic_cpu.srcs/utils_1/imports/synth_1/top_basys3.dcp with file C:/Users/C27Charles.Liermann/Documents/ECE281/Labs/lab5.copy/Lab-5/basic_cpu.runs/synth_1/top_basys3.dcp
ERROR: [Common 17-180] Spawn failed: No error
launch_runs impl_1 -to_step write_bitstream -jobs 8
[Mon May  5 17:11:31 2025] Launched synth_1...
Run output will be captured here: C:/Users/C27Charles.Liermann/Documents/ECE281/Labs/lab5.copy/Lab-5/basic_cpu.runs/synth_1/runme.log
[Mon May  5 17:11:31 2025] Launched impl_1...
Run output will be captured here: C:/Users/C27Charles.Liermann/Documents/ECE281/Labs/lab5.copy/Lab-5/basic_cpu.runs/impl_1/runme.log
WARNING: [filemgmt 56-199] Attempt to get parsing info during refresh. "On-the-fly" syntax checking information may be incorrect. [C:\Users\C27Charles.Liermann\Documents\ECE281\Labs\lab5.copy\Lab-5\basic_cpu.srcs\sources_1\imports\src\sevenSegDecoder.vhd:]
WARNING: [filemgmt 56-199] Attempt to get parsing info during refresh. "On-the-fly" syntax checking information may be incorrect. [C:\Users\C27Charles.Liermann\Documents\ECE281\Labs\lab5.copy\Lab-5\src\top_basys3.vhd:]
WARNING: [filemgmt 56-199] Attempt to get parsing info during refresh. "On-the-fly" syntax checking information may be incorrect. [C:\Users\C27Charles.Liermann\Documents\ECE281\Labs\lab5.copy\Lab-5\basic_cpu.srcs\sources_1\imports\src\sevenSegDecoder.vhd:]
WARNING: [filemgmt 56-199] Attempt to get parsing info during refresh. "On-the-fly" syntax checking information may be incorrect. [C:\Users\C27Charles.Liermann\Documents\ECE281\Labs\lab5.copy\Lab-5\basic_cpu.srcs\sources_1\imports\src\sevenSegDecoder.vhd:]
ERROR: [Common 17-180] Spawn failed: No error
open_hw_manager
connect_hw_server -allow_non_jtag
INFO: [Labtools 27-2285] Connecting to hw_server url TCP:localhost:3121
INFO: [Labtools 27-2222] Launching hw_server...
INFO: [Labtools 27-2221] Launch Output:

****** Xilinx hw_server v2024.2
  **** Build date : Oct 29 2024 at 10:25:41
    ** Copyright 1986-2022 Xilinx, Inc. All Rights Reserved.


INFO: [Labtools 27-3415] Connecting to cs_server url TCP:localhost:0
INFO: [Labtools 27-3417] Launching cs_server...
INFO: [Labtools 27-2221] Launch Output:


******** Xilinx cs_server v2024.2.0
  ****** Build date   : Oct 30 2024-12:19:07
    **** Build number : 2024.2.1730312347
      ** Copyright 2017-2022 Xilinx, Inc. All Rights Reserved.
      ** Copyright 2022-2025 Advanced Micro Devices, Inc. All Rights Reserved.



connect_hw_server: Time (s): cpu = 00:00:00 ; elapsed = 00:00:14 . Memory (MB): peak = 1166.949 ; gain = 0.000
open_hw_target
INFO: [Labtoolstcl 44-466] Opening hw_target localhost:3121/xilinx_tcf/Digilent/210183A4D850A
set_property PROGRAM.FILE {C:/Users/C27Charles.Liermann/Documents/ECE281/Labs/lab5.copy/Lab-5/basic_cpu.runs/impl_1/top_basys3.bit} [get_hw_devices xc7a35t_0]
current_hw_device [get_hw_devices xc7a35t_0]
refresh_hw_device -update_hw_probes false [lindex [get_hw_devices xc7a35t_0] 0]
INFO: [Labtools 27-1434] Device xc7a35t (JTAG device index = 0) is programmed with a design that has no supported debug core(s) in it.
set_property PROBES.FILE {} [get_hw_devices xc7a35t_0]
set_property FULL_PROBES.FILE {} [get_hw_devices xc7a35t_0]
set_property PROGRAM.FILE {C:/Users/C27Charles.Liermann/Documents/ECE281/Labs/lab5.copy/Lab-5/basic_cpu.runs/impl_1/top_basys3.bit} [get_hw_devices xc7a35t_0]
program_hw_devices [get_hw_devices xc7a35t_0]
INFO: [Labtools 27-3164] End of startup status: HIGH
refresh_hw_device [lindex [get_hw_devices xc7a35t_0] 0]
INFO: [Labtools 27-1434] Device xc7a35t (JTAG device index = 0) is programmed with a design that has no supported debug core(s) in it.
WARNING: [filemgmt 56-199] Attempt to get parsing info during refresh. "On-the-fly" syntax checking information may be incorrect. [C:\Users\C27Charles.Liermann\Documents\ECE281\Labs\lab5.copy\Lab-5\basic_cpu.srcs\sources_1\imports\src\sevenSegDecoder.vhd:]
WARNING: [filemgmt 56-199] Attempt to get parsing info during refresh. "On-the-fly" syntax checking information may be incorrect. [C:\Users\C27Charles.Liermann\Documents\ECE281\Labs\lab5.copy\Lab-5\src\top_basys3.vhd:]
WARNING: [filemgmt 56-199] Attempt to get parsing info during refresh. "On-the-fly" syntax checking information may be incorrect. [C:\Users\C27Charles.Liermann\Documents\ECE281\Labs\lab5.copy\Lab-5\basic_cpu.srcs\sources_1\imports\src\sevenSegDecoder.vhd:]
WARNING: [filemgmt 56-199] Attempt to get parsing info during refresh. "On-the-fly" syntax checking information may be incorrect. [C:\Users\C27Charles.Liermann\Documents\ECE281\Labs\lab5.copy\Lab-5\basic_cpu.srcs\sources_1\imports\src\sevenSegDecoder.vhd:]
ERROR: [Common 17-180] Spawn failed: No error
reset_run impl_1 -prev_step 
launch_runs impl_1 -to_step write_bitstream -jobs 8
[Mon May  5 17:16:46 2025] Launched impl_1...
Run output will be captured here: C:/Users/C27Charles.Liermann/Documents/ECE281/Labs/lab5.copy/Lab-5/basic_cpu.runs/impl_1/runme.log
set_property PROBES.FILE {} [get_hw_devices xc7a35t_0]
set_property FULL_PROBES.FILE {} [get_hw_devices xc7a35t_0]
set_property PROGRAM.FILE {C:/Users/C27Charles.Liermann/Documents/ECE281/Labs/lab5.copy/Lab-5/basic_cpu.runs/impl_1/top_basys3.bit} [get_hw_devices xc7a35t_0]
program_hw_devices [get_hw_devices xc7a35t_0]
INFO: [Labtools 27-3164] End of startup status: HIGH
refresh_hw_device [lindex [get_hw_devices xc7a35t_0] 0]
INFO: [Labtools 27-1434] Device xc7a35t (JTAG device index = 0) is programmed with a design that has no supported debug core(s) in it.
reset_run synth_1
INFO: [Project 1-1161] Replacing file C:/Users/C27Charles.Liermann/Documents/ECE281/Labs/lab5.copy/Lab-5/basic_cpu.srcs/utils_1/imports/synth_1/top_basys3.dcp with file C:/Users/C27Charles.Liermann/Documents/ECE281/Labs/lab5.copy/Lab-5/basic_cpu.runs/synth_1/top_basys3.dcp
launch_runs impl_1 -to_step write_bitstream -jobs 8
WARNING: [filemgmt 56-199] Attempt to get parsing info during refresh. "On-the-fly" syntax checking information may be incorrect. [C:\Users\C27Charles.Liermann\Documents\ECE281\Labs\lab5.copy\Lab-5\basic_cpu.srcs\sources_1\imports\src\sevenSegDecoder.vhd:]
WARNING: [filemgmt 56-199] Attempt to get parsing info during refresh. "On-the-fly" syntax checking information may be incorrect. [C:\Users\C27Charles.Liermann\Documents\ECE281\Labs\lab5.copy\Lab-5\src\top_basys3.vhd:]
WARNING: [filemgmt 56-199] Attempt to get parsing info during refresh. "On-the-fly" syntax checking information may be incorrect. [C:\Users\C27Charles.Liermann\Documents\ECE281\Labs\lab5.copy\Lab-5\basic_cpu.srcs\sources_1\imports\src\sevenSegDecoder.vhd:]
WARNING: [filemgmt 56-199] Attempt to get parsing info during refresh. "On-the-fly" syntax checking information may be incorrect. [C:\Users\C27Charles.Liermann\Documents\ECE281\Labs\lab5.copy\Lab-5\basic_cpu.srcs\sources_1\imports\src\sevenSegDecoder.vhd:]
[Mon May  5 17:18:03 2025] Launched synth_1...
Run output will be captured here: C:/Users/C27Charles.Liermann/Documents/ECE281/Labs/lab5.copy/Lab-5/basic_cpu.runs/synth_1/runme.log
[Mon May  5 17:18:03 2025] Launched impl_1...
Run output will be captured here: C:/Users/C27Charles.Liermann/Documents/ECE281/Labs/lab5.copy/Lab-5/basic_cpu.runs/impl_1/runme.log
ERROR: [Common 17-180] Spawn failed: No error
set_property PROBES.FILE {} [get_hw_devices xc7a35t_0]
set_property FULL_PROBES.FILE {} [get_hw_devices xc7a35t_0]
set_property PROGRAM.FILE {C:/Users/C27Charles.Liermann/Documents/ECE281/Labs/lab5.copy/Lab-5/basic_cpu.runs/impl_1/top_basys3.bit} [get_hw_devices xc7a35t_0]
program_hw_devices [get_hw_devices xc7a35t_0]
INFO: [Labtools 27-3164] End of startup status: HIGH
refresh_hw_device [lindex [get_hw_devices xc7a35t_0] 0]
INFO: [Labtools 27-1434] Device xc7a35t (JTAG device index = 0) is programmed with a design that has no supported debug core(s) in it.
WARNING: [filemgmt 56-199] Attempt to get parsing info during refresh. "On-the-fly" syntax checking information may be incorrect. [C:\Users\C27Charles.Liermann\Documents\ECE281\Labs\lab5.copy\Lab-5\basic_cpu.srcs\sources_1\imports\src\sevenSegDecoder.vhd:]
WARNING: [filemgmt 56-199] Attempt to get parsing info during refresh. "On-the-fly" syntax checking information may be incorrect. [C:\Users\C27Charles.Liermann\Documents\ECE281\Labs\lab5.copy\Lab-5\src\top_basys3.vhd:]
WARNING: [filemgmt 56-199] Attempt to get parsing info during refresh. "On-the-fly" syntax checking information may be incorrect. [C:\Users\C27Charles.Liermann\Documents\ECE281\Labs\lab5.copy\Lab-5\basic_cpu.srcs\sources_1\imports\src\sevenSegDecoder.vhd:]
WARNING: [filemgmt 56-199] Attempt to get parsing info during refresh. "On-the-fly" syntax checking information may be incorrect. [C:\Users\C27Charles.Liermann\Documents\ECE281\Labs\lab5.copy\Lab-5\basic_cpu.srcs\sources_1\imports\src\sevenSegDecoder.vhd:]
ERROR: [Common 17-180] Spawn failed: No error
close_hw_manager
reset_run synth_1
INFO: [Project 1-1161] Replacing file C:/Users/C27Charles.Liermann/Documents/ECE281/Labs/lab5.copy/Lab-5/basic_cpu.srcs/utils_1/imports/synth_1/top_basys3.dcp with file C:/Users/C27Charles.Liermann/Documents/ECE281/Labs/lab5.copy/Lab-5/basic_cpu.runs/synth_1/top_basys3.dcp
WARNING: [filemgmt 56-199] Attempt to get parsing info during refresh. "On-the-fly" syntax checking information may be incorrect. [C:\Users\C27Charles.Liermann\Documents\ECE281\Labs\lab5.copy\Lab-5\basic_cpu.srcs\sources_1\imports\src\sevenSegDecoder.vhd:]
WARNING: [filemgmt 56-199] Attempt to get parsing info during refresh. "On-the-fly" syntax checking information may be incorrect. [C:\Users\C27Charles.Liermann\Documents\ECE281\Labs\lab5.copy\Lab-5\src\top_basys3.vhd:]
WARNING: [filemgmt 56-199] Attempt to get parsing info during refresh. "On-the-fly" syntax checking information may be incorrect. [C:\Users\C27Charles.Liermann\Documents\ECE281\Labs\lab5.copy\Lab-5\basic_cpu.srcs\sources_1\imports\src\sevenSegDecoder.vhd:]
WARNING: [filemgmt 56-199] Attempt to get parsing info during refresh. "On-the-fly" syntax checking information may be incorrect. [C:\Users\C27Charles.Liermann\Documents\ECE281\Labs\lab5.copy\Lab-5\basic_cpu.srcs\sources_1\imports\src\sevenSegDecoder.vhd:]
launch_runs impl_1 -to_step write_bitstream -jobs 8
[Mon May  5 17:26:28 2025] Launched synth_1...
Run output will be captured here: C:/Users/C27Charles.Liermann/Documents/ECE281/Labs/lab5.copy/Lab-5/basic_cpu.runs/synth_1/runme.log
[Mon May  5 17:26:28 2025] Launched impl_1...
Run output will be captured here: C:/Users/C27Charles.Liermann/Documents/ECE281/Labs/lab5.copy/Lab-5/basic_cpu.runs/impl_1/runme.log
ERROR: [Common 17-180] Spawn failed: No error
open_hw_manager
connect_hw_server -allow_non_jtag
INFO: [Labtools 27-2285] Connecting to hw_server url TCP:localhost:3121
INFO: [Labtools 27-2222] Launching hw_server...
INFO: [Labtools 27-2221] Launch Output:

****** Xilinx hw_server v2024.2
  **** Build date : Oct 29 2024 at 10:25:41
    ** Copyright 1986-2022 Xilinx, Inc. All Rights Reserved.


INFO: [Labtools 27-3415] Connecting to cs_server url TCP:localhost:0
INFO: [Labtools 27-3417] Launching cs_server...
INFO: [Labtools 27-2221] Launch Output:


******** Xilinx cs_server v2024.2.0
  ****** Build date   : Oct 30 2024-12:19:07
    **** Build number : 2024.2.1730312347
      ** Copyright 2017-2022 Xilinx, Inc. All Rights Reserved.
      ** Copyright 2022-2025 Advanced Micro Devices, Inc. All Rights Reserved.



connect_hw_server: Time (s): cpu = 00:00:00 ; elapsed = 00:00:11 . Memory (MB): peak = 1234.617 ; gain = 0.000
open_hw_target
INFO: [Labtoolstcl 44-466] Opening hw_target localhost:3121/xilinx_tcf/Digilent/210183A4D850A
set_property PROGRAM.FILE {C:/Users/C27Charles.Liermann/Documents/ECE281/Labs/lab5.copy/Lab-5/basic_cpu.runs/impl_1/top_basys3.bit} [get_hw_devices xc7a35t_0]
current_hw_device [get_hw_devices xc7a35t_0]
refresh_hw_device -update_hw_probes false [lindex [get_hw_devices xc7a35t_0] 0]
INFO: [Labtools 27-1434] Device xc7a35t (JTAG device index = 0) is programmed with a design that has no supported debug core(s) in it.
set_property PROBES.FILE {} [get_hw_devices xc7a35t_0]
set_property FULL_PROBES.FILE {} [get_hw_devices xc7a35t_0]
set_property PROGRAM.FILE {C:/Users/C27Charles.Liermann/Documents/ECE281/Labs/lab5.copy/Lab-5/basic_cpu.runs/impl_1/top_basys3.bit} [get_hw_devices xc7a35t_0]
program_hw_devices [get_hw_devices xc7a35t_0]
INFO: [Labtools 27-3164] End of startup status: HIGH
refresh_hw_device [lindex [get_hw_devices xc7a35t_0] 0]
INFO: [Labtools 27-1434] Device xc7a35t (JTAG device index = 0) is programmed with a design that has no supported debug core(s) in it.
close_hw_manager
export_ip_user_files -of_objects  [get_files C:/Users/C27Charles.Liermann/Documents/ECE281/Labs/lab5.copy/Lab-5/basic_cpu.srcs/sources_1/imports/src/sevenSegDecoder.vhd] -no_script -reset -force -quiet
remove_files  C:/Users/C27Charles.Liermann/Documents/ECE281/Labs/lab5.copy/Lab-5/basic_cpu.srcs/sources_1/imports/src/sevenSegDecoder.vhd
file delete -force C:/Users/C27Charles.Liermann/Documents/ECE281/Labs/lab5.copy/Lab-5/basic_cpu.srcs/sources_1/imports/src/sevenSegDecoder.vhd
update_compile_order -fileset sources_1
close [ open C:/Users/C27Charles.Liermann/Documents/ECE281/Labs/lab5.copy/Lab-5/src/sevenSegDecoder.vhd w ]
add_files C:/Users/C27Charles.Liermann/Documents/ECE281/Labs/lab5.copy/Lab-5/src/sevenSegDecoder.vhd
WARNING: [filemgmt 56-12] File 'C:/Users/C27Charles.Liermann/Documents/ECE281/Labs/lab5.copy/Lab-5/src/sevenSegDecoder.vhd' cannot be added to the project because it already exists in the project, skipping this file
update_compile_order -fileset sources_1
WARNING: [filemgmt 56-199] Attempt to get parsing info during refresh. "On-the-fly" syntax checking information may be incorrect. [C:\Users\C27Charles.Liermann\Documents\ECE281\Labs\lab5.copy\Lab-5\src\sevenSegDecoder.vhd:]
WARNING: [filemgmt 56-199] Attempt to get parsing info during refresh. "On-the-fly" syntax checking information may be incorrect. [C:\Users\C27Charles.Liermann\Documents\ECE281\Labs\lab5.copy\Lab-5\basic_cpu.srcs\sources_1\imports\src\sevenSegDecoder.vhd:]
WARNING: [filemgmt 56-199] Attempt to get parsing info during refresh. "On-the-fly" syntax checking information may be incorrect. [C:\Users\C27Charles.Liermann\Documents\ECE281\Labs\lab5.copy\Lab-5\src\top_basys3.vhd:]
WARNING: [filemgmt 56-199] Attempt to get parsing info during refresh. "On-the-fly" syntax checking information may be incorrect. [C:\Users\C27Charles.Liermann\Documents\ECE281\Labs\lab5.copy\Lab-5\src\sevenSegDecoder.vhd:]
WARNING: [filemgmt 56-199] Attempt to get parsing info during refresh. "On-the-fly" syntax checking information may be incorrect. [C:\Users\C27Charles.Liermann\Documents\ECE281\Labs\lab5.copy\Lab-5\src\sevenSegDecoder.vhd:]
reset_run synth_1
INFO: [Project 1-1161] Replacing file C:/Users/C27Charles.Liermann/Documents/ECE281/Labs/lab5.copy/Lab-5/basic_cpu.srcs/utils_1/imports/synth_1/top_basys3.dcp with file C:/Users/C27Charles.Liermann/Documents/ECE281/Labs/lab5.copy/Lab-5/basic_cpu.runs/synth_1/top_basys3.dcp
ERROR: [Common 17-180] Spawn failed: No such file or directory
launch_runs impl_1 -to_step write_bitstream -jobs 8
[Mon May  5 17:35:35 2025] Launched synth_1...
Run output will be captured here: C:/Users/C27Charles.Liermann/Documents/ECE281/Labs/lab5.copy/Lab-5/basic_cpu.runs/synth_1/runme.log
[Mon May  5 17:35:36 2025] Launched impl_1...
Run output will be captured here: C:/Users/C27Charles.Liermann/Documents/ECE281/Labs/lab5.copy/Lab-5/basic_cpu.runs/impl_1/runme.log
WARNING: [filemgmt 56-199] Attempt to get parsing info during refresh. "On-the-fly" syntax checking information may be incorrect. [C:\Users\C27Charles.Liermann\Documents\ECE281\Labs\lab5.copy\Lab-5\src\sevenSegDecoder.vhd:]
WARNING: [filemgmt 56-199] Attempt to get parsing info during refresh. "On-the-fly" syntax checking information may be incorrect. [C:\Users\C27Charles.Liermann\Documents\ECE281\Labs\lab5.copy\Lab-5\basic_cpu.srcs\sources_1\imports\src\sevenSegDecoder.vhd:]
WARNING: [filemgmt 56-199] Attempt to get parsing info during refresh. "On-the-fly" syntax checking information may be incorrect. [C:\Users\C27Charles.Liermann\Documents\ECE281\Labs\lab5.copy\Lab-5\src\top_basys3.vhd:]
WARNING: [filemgmt 56-199] Attempt to get parsing info during refresh. "On-the-fly" syntax checking information may be incorrect. [C:\Users\C27Charles.Liermann\Documents\ECE281\Labs\lab5.copy\Lab-5\src\sevenSegDecoder.vhd:]
WARNING: [filemgmt 56-199] Attempt to get parsing info during refresh. "On-the-fly" syntax checking information may be incorrect. [C:\Users\C27Charles.Liermann\Documents\ECE281\Labs\lab5.copy\Lab-5\src\sevenSegDecoder.vhd:]
ERROR: [Common 17-180] Spawn failed: No such file or directory
open_hw_manager
connect_hw_server -allow_non_jtag
INFO: [Labtools 27-2285] Connecting to hw_server url TCP:localhost:3121
INFO: [Labtools 27-2222] Launching hw_server...
INFO: [Labtools 27-2221] Launch Output:

****** Xilinx hw_server v2024.2
  **** Build date : Oct 29 2024 at 10:25:41
    ** Copyright 1986-2022 Xilinx, Inc. All Rights Reserved.


INFO: [Labtools 27-3415] Connecting to cs_server url TCP:localhost:0
INFO: [Labtools 27-3417] Launching cs_server...
INFO: [Labtools 27-2221] Launch Output:


******** Xilinx cs_server v2024.2.0
  ****** Build date   : Oct 30 2024-12:19:07
    **** Build number : 2024.2.1730312347
      ** Copyright 2017-2022 Xilinx, Inc. All Rights Reserved.
      ** Copyright 2022-2025 Advanced Micro Devices, Inc. All Rights Reserved.



connect_hw_server: Time (s): cpu = 00:00:00 ; elapsed = 00:00:13 . Memory (MB): peak = 1278.914 ; gain = 0.000
open_hw_target
INFO: [Labtoolstcl 44-466] Opening hw_target localhost:3121/xilinx_tcf/Digilent/210183A4D850A
set_property PROGRAM.FILE {C:/Users/C27Charles.Liermann/Documents/ECE281/Labs/lab5.copy/Lab-5/basic_cpu.runs/impl_1/top_basys3.bit} [get_hw_devices xc7a35t_0]
current_hw_device [get_hw_devices xc7a35t_0]
refresh_hw_device -update_hw_probes false [lindex [get_hw_devices xc7a35t_0] 0]
INFO: [Labtools 27-1434] Device xc7a35t (JTAG device index = 0) is programmed with a design that has no supported debug core(s) in it.
set_property PROBES.FILE {} [get_hw_devices xc7a35t_0]
set_property FULL_PROBES.FILE {} [get_hw_devices xc7a35t_0]
set_property PROGRAM.FILE {C:/Users/C27Charles.Liermann/Documents/ECE281/Labs/lab5.copy/Lab-5/basic_cpu.runs/impl_1/top_basys3.bit} [get_hw_devices xc7a35t_0]
program_hw_devices [get_hw_devices xc7a35t_0]
INFO: [Labtools 27-3164] End of startup status: HIGH
refresh_hw_device [lindex [get_hw_devices xc7a35t_0] 0]
INFO: [Labtools 27-1434] Device xc7a35t (JTAG device index = 0) is programmed with a design that has no supported debug core(s) in it.
WARNING: [filemgmt 56-199] Attempt to get parsing info during refresh. "On-the-fly" syntax checking information may be incorrect. [C:\Users\C27Charles.Liermann\Documents\ECE281\Labs\lab5.copy\Lab-5\src\sevenSegDecoder.vhd:]
WARNING: [filemgmt 56-199] Attempt to get parsing info during refresh. "On-the-fly" syntax checking information may be incorrect. [C:\Users\C27Charles.Liermann\Documents\ECE281\Labs\lab5.copy\Lab-5\basic_cpu.srcs\sources_1\imports\src\sevenSegDecoder.vhd:]
WARNING: [filemgmt 56-199] Attempt to get parsing info during refresh. "On-the-fly" syntax checking information may be incorrect. [C:\Users\C27Charles.Liermann\Documents\ECE281\Labs\lab5.copy\Lab-5\src\top_basys3.vhd:]
WARNING: [filemgmt 56-199] Attempt to get parsing info during refresh. "On-the-fly" syntax checking information may be incorrect. [C:\Users\C27Charles.Liermann\Documents\ECE281\Labs\lab5.copy\Lab-5\src\sevenSegDecoder.vhd:]
WARNING: [filemgmt 56-199] Attempt to get parsing info during refresh. "On-the-fly" syntax checking information may be incorrect. [C:\Users\C27Charles.Liermann\Documents\ECE281\Labs\lab5.copy\Lab-5\src\sevenSegDecoder.vhd:]
ERROR: [Common 17-180] Spawn failed: No such file or directory
WARNING: [filemgmt 56-199] Attempt to get parsing info during refresh. "On-the-fly" syntax checking information may be incorrect. [C:\Users\C27Charles.Liermann\Documents\ECE281\Labs\lab5.copy\Lab-5\src\sevenSegDecoder.vhd:]
WARNING: [filemgmt 56-199] Attempt to get parsing info during refresh. "On-the-fly" syntax checking information may be incorrect. [C:\Users\C27Charles.Liermann\Documents\ECE281\Labs\lab5.copy\Lab-5\basic_cpu.srcs\sources_1\imports\src\sevenSegDecoder.vhd:]
WARNING: [filemgmt 56-199] Attempt to get parsing info during refresh. "On-the-fly" syntax checking information may be incorrect. [C:\Users\C27Charles.Liermann\Documents\ECE281\Labs\lab5.copy\Lab-5\src\top_basys3.vhd:]
WARNING: [filemgmt 56-199] Attempt to get parsing info during refresh. "On-the-fly" syntax checking information may be incorrect. [C:\Users\C27Charles.Liermann\Documents\ECE281\Labs\lab5.copy\Lab-5\src\sevenSegDecoder.vhd:]
WARNING: [filemgmt 56-199] Attempt to get parsing info during refresh. "On-the-fly" syntax checking information may be incorrect. [C:\Users\C27Charles.Liermann\Documents\ECE281\Labs\lab5.copy\Lab-5\src\sevenSegDecoder.vhd:]
ERROR: [Common 17-180] Spawn failed: No such file or directory
reset_run synth_1
INFO: [Project 1-1161] Replacing file C:/Users/C27Charles.Liermann/Documents/ECE281/Labs/lab5.copy/Lab-5/basic_cpu.srcs/utils_1/imports/synth_1/top_basys3.dcp with file C:/Users/C27Charles.Liermann/Documents/ECE281/Labs/lab5.copy/Lab-5/basic_cpu.runs/synth_1/top_basys3.dcp
WARNING: [filemgmt 56-199] Attempt to get parsing info during refresh. "On-the-fly" syntax checking information may be incorrect. [C:\Users\C27Charles.Liermann\Documents\ECE281\Labs\lab5.copy\Lab-5\src\sevenSegDecoder.vhd:]
WARNING: [filemgmt 56-199] Attempt to get parsing info during refresh. "On-the-fly" syntax checking information may be incorrect. [C:\Users\C27Charles.Liermann\Documents\ECE281\Labs\lab5.copy\Lab-5\basic_cpu.srcs\sources_1\imports\src\sevenSegDecoder.vhd:]
WARNING: [filemgmt 56-199] Attempt to get parsing info during refresh. "On-the-fly" syntax checking information may be incorrect. [C:\Users\C27Charles.Liermann\Documents\ECE281\Labs\lab5.copy\Lab-5\src\top_basys3.vhd:]
WARNING: [filemgmt 56-199] Attempt to get parsing info during refresh. "On-the-fly" syntax checking information may be incorrect. [C:\Users\C27Charles.Liermann\Documents\ECE281\Labs\lab5.copy\Lab-5\src\sevenSegDecoder.vhd:]
WARNING: [filemgmt 56-199] Attempt to get parsing info during refresh. "On-the-fly" syntax checking information may be incorrect. [C:\Users\C27Charles.Liermann\Documents\ECE281\Labs\lab5.copy\Lab-5\src\sevenSegDecoder.vhd:]
launch_runs impl_1 -to_step write_bitstream -jobs 8
[Mon May  5 17:41:06 2025] Launched synth_1...
Run output will be captured here: C:/Users/C27Charles.Liermann/Documents/ECE281/Labs/lab5.copy/Lab-5/basic_cpu.runs/synth_1/runme.log
[Mon May  5 17:41:06 2025] Launched impl_1...
Run output will be captured here: C:/Users/C27Charles.Liermann/Documents/ECE281/Labs/lab5.copy/Lab-5/basic_cpu.runs/impl_1/runme.log
ERROR: [Common 17-180] Spawn failed: No such file or directory
set_property PROBES.FILE {} [get_hw_devices xc7a35t_0]
set_property FULL_PROBES.FILE {} [get_hw_devices xc7a35t_0]
set_property PROGRAM.FILE {C:/Users/C27Charles.Liermann/Documents/ECE281/Labs/lab5.copy/Lab-5/basic_cpu.runs/impl_1/top_basys3.bit} [get_hw_devices xc7a35t_0]
program_hw_devices [get_hw_devices xc7a35t_0]
INFO: [Labtools 27-3164] End of startup status: HIGH
refresh_hw_device [lindex [get_hw_devices xc7a35t_0] 0]
INFO: [Labtools 27-1434] Device xc7a35t (JTAG device index = 0) is programmed with a design that has no supported debug core(s) in it.
WARNING: [filemgmt 56-199] Attempt to get parsing info during refresh. "On-the-fly" syntax checking information may be incorrect. [C:\Users\C27Charles.Liermann\Documents\ECE281\Labs\lab5.copy\Lab-5\src\sevenSegDecoder.vhd:]
WARNING: [filemgmt 56-199] Attempt to get parsing info during refresh. "On-the-fly" syntax checking information may be incorrect. [C:\Users\C27Charles.Liermann\Documents\ECE281\Labs\lab5.copy\Lab-5\basic_cpu.srcs\sources_1\imports\src\sevenSegDecoder.vhd:]
WARNING: [filemgmt 56-199] Attempt to get parsing info during refresh. "On-the-fly" syntax checking information may be incorrect. [C:\Users\C27Charles.Liermann\Documents\ECE281\Labs\lab5.copy\Lab-5\src\top_basys3.vhd:]
WARNING: [filemgmt 56-199] Attempt to get parsing info during refresh. "On-the-fly" syntax checking information may be incorrect. [C:\Users\C27Charles.Liermann\Documents\ECE281\Labs\lab5.copy\Lab-5\src\sevenSegDecoder.vhd:]
WARNING: [filemgmt 56-199] Attempt to get parsing info during refresh. "On-the-fly" syntax checking information may be incorrect. [C:\Users\C27Charles.Liermann\Documents\ECE281\Labs\lab5.copy\Lab-5\src\sevenSegDecoder.vhd:]
ERROR: [Common 17-180] Spawn failed: No such file or directory
reset_run synth_1
INFO: [Project 1-1161] Replacing file C:/Users/C27Charles.Liermann/Documents/ECE281/Labs/lab5.copy/Lab-5/basic_cpu.srcs/utils_1/imports/synth_1/top_basys3.dcp with file C:/Users/C27Charles.Liermann/Documents/ECE281/Labs/lab5.copy/Lab-5/basic_cpu.runs/synth_1/top_basys3.dcp
launch_runs impl_1 -to_step write_bitstream -jobs 8
[Mon May  5 17:45:24 2025] Launched synth_1...
Run output will be captured here: C:/Users/C27Charles.Liermann/Documents/ECE281/Labs/lab5.copy/Lab-5/basic_cpu.runs/synth_1/runme.log
[Mon May  5 17:45:24 2025] Launched impl_1...
Run output will be captured here: C:/Users/C27Charles.Liermann/Documents/ECE281/Labs/lab5.copy/Lab-5/basic_cpu.runs/impl_1/runme.log
WARNING: [filemgmt 56-199] Attempt to get parsing info during refresh. "On-the-fly" syntax checking information may be incorrect. [C:\Users\C27Charles.Liermann\Documents\ECE281\Labs\lab5.copy\Lab-5\src\sevenSegDecoder.vhd:]
WARNING: [filemgmt 56-199] Attempt to get parsing info during refresh. "On-the-fly" syntax checking information may be incorrect. [C:\Users\C27Charles.Liermann\Documents\ECE281\Labs\lab5.copy\Lab-5\basic_cpu.srcs\sources_1\imports\src\sevenSegDecoder.vhd:]
WARNING: [filemgmt 56-199] Attempt to get parsing info during refresh. "On-the-fly" syntax checking information may be incorrect. [C:\Users\C27Charles.Liermann\Documents\ECE281\Labs\lab5.copy\Lab-5\src\top_basys3.vhd:]
WARNING: [filemgmt 56-199] Attempt to get parsing info during refresh. "On-the-fly" syntax checking information may be incorrect. [C:\Users\C27Charles.Liermann\Documents\ECE281\Labs\lab5.copy\Lab-5\src\sevenSegDecoder.vhd:]
WARNING: [filemgmt 56-199] Attempt to get parsing info during refresh. "On-the-fly" syntax checking information may be incorrect. [C:\Users\C27Charles.Liermann\Documents\ECE281\Labs\lab5.copy\Lab-5\src\sevenSegDecoder.vhd:]
ERROR: [Common 17-180] Spawn failed: No such file or directory
set_property PROBES.FILE {} [get_hw_devices xc7a35t_0]
set_property FULL_PROBES.FILE {} [get_hw_devices xc7a35t_0]
set_property PROGRAM.FILE {C:/Users/C27Charles.Liermann/Documents/ECE281/Labs/lab5.copy/Lab-5/basic_cpu.runs/impl_1/top_basys3.bit} [get_hw_devices xc7a35t_0]
program_hw_devices [get_hw_devices xc7a35t_0]
INFO: [Labtools 27-3164] End of startup status: HIGH
refresh_hw_device [lindex [get_hw_devices xc7a35t_0] 0]
INFO: [Labtools 27-1434] Device xc7a35t (JTAG device index = 0) is programmed with a design that has no supported debug core(s) in it.
WARNING: [filemgmt 56-199] Attempt to get parsing info during refresh. "On-the-fly" syntax checking information may be incorrect. [C:\Users\C27Charles.Liermann\Documents\ECE281\Labs\lab5.copy\Lab-5\src\sevenSegDecoder.vhd:]
WARNING: [filemgmt 56-199] Attempt to get parsing info during refresh. "On-the-fly" syntax checking information may be incorrect. [C:\Users\C27Charles.Liermann\Documents\ECE281\Labs\lab5.copy\Lab-5\basic_cpu.srcs\sources_1\imports\src\sevenSegDecoder.vhd:]
WARNING: [filemgmt 56-199] Attempt to get parsing info during refresh. "On-the-fly" syntax checking information may be incorrect. [C:\Users\C27Charles.Liermann\Documents\ECE281\Labs\lab5.copy\Lab-5\src\top_basys3.vhd:]
WARNING: [filemgmt 56-199] Attempt to get parsing info during refresh. "On-the-fly" syntax checking information may be incorrect. [C:\Users\C27Charles.Liermann\Documents\ECE281\Labs\lab5.copy\Lab-5\src\sevenSegDecoder.vhd:]
WARNING: [filemgmt 56-199] Attempt to get parsing info during refresh. "On-the-fly" syntax checking information may be incorrect. [C:\Users\C27Charles.Liermann\Documents\ECE281\Labs\lab5.copy\Lab-5\src\sevenSegDecoder.vhd:]
ERROR: [Common 17-180] Spawn failed: No such file or directory
reset_run synth_1
INFO: [Project 1-1161] Replacing file C:/Users/C27Charles.Liermann/Documents/ECE281/Labs/lab5.copy/Lab-5/basic_cpu.srcs/utils_1/imports/synth_1/top_basys3.dcp with file C:/Users/C27Charles.Liermann/Documents/ECE281/Labs/lab5.copy/Lab-5/basic_cpu.runs/synth_1/top_basys3.dcp
launch_runs impl_1 -to_step write_bitstream -jobs 8
[Mon May  5 17:54:50 2025] Launched synth_1...
Run output will be captured here: C:/Users/C27Charles.Liermann/Documents/ECE281/Labs/lab5.copy/Lab-5/basic_cpu.runs/synth_1/runme.log
[Mon May  5 17:54:50 2025] Launched impl_1...
Run output will be captured here: C:/Users/C27Charles.Liermann/Documents/ECE281/Labs/lab5.copy/Lab-5/basic_cpu.runs/impl_1/runme.log
WARNING: [filemgmt 56-199] Attempt to get parsing info during refresh. "On-the-fly" syntax checking information may be incorrect. [C:\Users\C27Charles.Liermann\Documents\ECE281\Labs\lab5.copy\Lab-5\src\sevenSegDecoder.vhd:]
WARNING: [filemgmt 56-199] Attempt to get parsing info during refresh. "On-the-fly" syntax checking information may be incorrect. [C:\Users\C27Charles.Liermann\Documents\ECE281\Labs\lab5.copy\Lab-5\basic_cpu.srcs\sources_1\imports\src\sevenSegDecoder.vhd:]
WARNING: [filemgmt 56-199] Attempt to get parsing info during refresh. "On-the-fly" syntax checking information may be incorrect. [C:\Users\C27Charles.Liermann\Documents\ECE281\Labs\lab5.copy\Lab-5\src\top_basys3.vhd:]
WARNING: [filemgmt 56-199] Attempt to get parsing info during refresh. "On-the-fly" syntax checking information may be incorrect. [C:\Users\C27Charles.Liermann\Documents\ECE281\Labs\lab5.copy\Lab-5\src\sevenSegDecoder.vhd:]
WARNING: [filemgmt 56-199] Attempt to get parsing info during refresh. "On-the-fly" syntax checking information may be incorrect. [C:\Users\C27Charles.Liermann\Documents\ECE281\Labs\lab5.copy\Lab-5\src\sevenSegDecoder.vhd:]
ERROR: [Common 17-180] Spawn failed: No such file or directory
set_property PROBES.FILE {} [get_hw_devices xc7a35t_0]
set_property FULL_PROBES.FILE {} [get_hw_devices xc7a35t_0]
set_property PROGRAM.FILE {C:/Users/C27Charles.Liermann/Documents/ECE281/Labs/lab5.copy/Lab-5/basic_cpu.runs/impl_1/top_basys3.bit} [get_hw_devices xc7a35t_0]
program_hw_devices [get_hw_devices xc7a35t_0]
INFO: [Labtools 27-3164] End of startup status: HIGH
refresh_hw_device [lindex [get_hw_devices xc7a35t_0] 0]
INFO: [Labtools 27-1434] Device xc7a35t (JTAG device index = 0) is programmed with a design that has no supported debug core(s) in it.
close_hw_manager
