#-----------------------------------------------------------
# Vivado v2024.2 (64-bit)
# SW Build 5239630 on Fri Nov 08 22:35:27 MST 2024
# IP Build 5239520 on Sun Nov 10 16:12:51 MST 2024
# SharedData Build 5239561 on Fri Nov 08 14:39:27 MST 2024
# Start of session at: Sun May  4 21:46:32 2025
# Process ID         : 3352
# Current directory  : C:/Users/C27Charles.Liermann/Documents/ECE281/Labs/lab5.copy/Lab-5
# Command line       : vivado.exe -gui_launcher_event rodinguilauncherevent24436 C:\Users\C27Charles.Liermann\Documents\ECE281\Labs\lab5.copy\Lab-5\basic_cpu.xpr
# Log file           : C:/Users/C27Charles.Liermann/Documents/ECE281/Labs/lab5.copy/Lab-5/vivado.log
# Journal file       : C:/Users/C27Charles.Liermann/Documents/ECE281/Labs/lab5.copy/Lab-5\vivado.jou
# Running On         : C27-5CG31326RQ
# Platform           : Windows Server 2016 or Windows 10
# Operating System   : 22631
# Processor Detail   : AMD Ryzen 7 PRO 6850U with Radeon Graphics     
# CPU Frequency      : 2695 MHz
# CPU Physical cores : 8
# CPU Logical cores  : 16
# Host memory        : 16442 MB
# Swap memory        : 13958 MB
# Total Virtual      : 30401 MB
# Available Virtual  : 14665 MB
#-----------------------------------------------------------
start_gui
open_project C:/Users/C27Charles.Liermann/Documents/ECE281/Labs/lab5.copy/Lab-5/basic_cpu.xpr
INFO: [filemgmt 56-3] Default IP Output Path : Could not find the directory 'C:/Users/C27Charles.Liermann/Documents/ECE281/Labs/lab5.copy/Lab-5/basic_cpu.gen/sources_1'.
WARNING: [filemgmt 56-3] IPUserFilesDir: Could not find the directory 'C:/Users/C27Charles.Liermann/Documents/ECE281/Labs/lab5.copy/Lab-5/basic_cpu.ip_user_files'.
Scanning sources...
Finished scanning sources
INFO: [IP_Flow 19-234] Refreshing IP repositories
INFO: [IP_Flow 19-1704] No user IP repositories specified
INFO: [IP_Flow 19-2313] Loaded Vivado IP repository 'C:/Xilinx/Vivado/2024.2/data/ip'.
open_project: Time (s): cpu = 00:00:04 ; elapsed = 00:00:06 . Memory (MB): peak = 1112.574 ; gain = 68.977
update_compile_order -fileset sources_1
reset_run impl_1
launch_runs impl_1 -to_step write_bitstream -jobs 8
[Sun May  4 21:47:48 2025] Launched impl_1...
Run output will be captured here: C:/Users/C27Charles.Liermann/Documents/ECE281/Labs/lab5.copy/Lab-5/basic_cpu.runs/impl_1/runme.log
add_files -norecurse -scan_for_includes C:/Users/C27Charles.Liermann/Documents/ECE281/Labs/lab5.copy/Lab-5/src/sevenSegDecoder.vhd
import_files -norecurse C:/Users/C27Charles.Liermann/Documents/ECE281/Labs/lab5.copy/Lab-5/src/sevenSegDecoder.vhd
update_compile_order -fileset sources_1
export_ip_user_files -of_objects  [get_files C:/Users/C27Charles.Liermann/Documents/ECE281/Labs/lab5.copy/Lab-5/basic_cpu.srcs/sources_1/imports/src/sevenseg_decoder.vhd] -no_script -reset -force -quiet
remove_files  C:/Users/C27Charles.Liermann/Documents/ECE281/Labs/lab5.copy/Lab-5/basic_cpu.srcs/sources_1/imports/src/sevenseg_decoder.vhd
file delete -force C:/Users/C27Charles.Liermann/Documents/ECE281/Labs/lab5.copy/Lab-5/basic_cpu.srcs/sources_1/imports/src/sevenseg_decoder.vhd
import_files -force -norecurse C:/Users/C27Charles.Liermann/Documents/ECE281/Labs/lab5.copy/Lab-5/src/sevenSegDecoder.vhd
update_compile_order -fileset sources_1
reset_run synth_1
INFO: [Project 1-1161] Replacing file C:/Users/C27Charles.Liermann/Documents/ECE281/Labs/lab5.copy/Lab-5/basic_cpu.srcs/utils_1/imports/synth_1/top_basys3.dcp with file C:/Users/C27Charles.Liermann/Documents/ECE281/Labs/lab5.copy/Lab-5/basic_cpu.runs/synth_1/top_basys3.dcp
launch_runs impl_1 -to_step write_bitstream -jobs 8
[Sun May  4 21:51:43 2025] Launched synth_1...
Run output will be captured here: C:/Users/C27Charles.Liermann/Documents/ECE281/Labs/lab5.copy/Lab-5/basic_cpu.runs/synth_1/runme.log
[Sun May  4 21:51:43 2025] Launched impl_1...
Run output will be captured here: C:/Users/C27Charles.Liermann/Documents/ECE281/Labs/lab5.copy/Lab-5/basic_cpu.runs/impl_1/runme.log
reset_run synth_1
WARNING: [Vivado 12-1017] Problems encountered:
1. Failed to delete one or more files in run directory C:/Users/C27Charles.Liermann/Documents/ECE281/Labs/lab5.copy/Lab-5/basic_cpu.runs/synth_1

update_compile_order -fileset sources_1
launch_runs impl_1 -to_step write_bitstream -jobs 8
[Sun May  4 21:52:29 2025] Launched synth_1...
Run output will be captured here: C:/Users/C27Charles.Liermann/Documents/ECE281/Labs/lab5.copy/Lab-5/basic_cpu.runs/synth_1/runme.log
[Sun May  4 21:52:29 2025] Launched impl_1...
Run output will be captured here: C:/Users/C27Charles.Liermann/Documents/ECE281/Labs/lab5.copy/Lab-5/basic_cpu.runs/impl_1/runme.log
reset_run synth_1
add_files -norecurse C:/Users/C27Charles.Liermann/Documents/ECE281/Labs/lab5.copy/Lab-5/src/sevenSegDecoder.vhd
update_compile_order -fileset sources_1
WARNING: [filemgmt 56-199] Attempt to get parsing info during refresh. "On-the-fly" syntax checking information may be incorrect. [C:\Users\C27Charles.Liermann\Documents\ECE281\Labs\lab5.copy\Lab-5\src\controller_fsm.vhd:]
WARNING: [filemgmt 56-199] Attempt to get parsing info during refresh. "On-the-fly" syntax checking information may be incorrect. [C:\Users\C27Charles.Liermann\Documents\ECE281\Labs\lab5.copy\Lab-5\src\top_basys3.vhd:]
WARNING: [filemgmt 56-199] Attempt to get parsing info during refresh. "On-the-fly" syntax checking information may be incorrect. [C:\Users\C27Charles.Liermann\Documents\ECE281\Labs\lab5.copy\Lab-5\src\controller_fsm.vhd:]
WARNING: [filemgmt 56-199] Attempt to get parsing info during refresh. "On-the-fly" syntax checking information may be incorrect. [C:\Users\C27Charles.Liermann\Documents\ECE281\Labs\lab5.copy\Lab-5\src\controller_fsm.vhd:]
ERROR: [Common 17-180] Spawn failed: No error
update_compile_order -fileset sources_1
WARNING: [filemgmt 56-199] Attempt to get parsing info during refresh. "On-the-fly" syntax checking information may be incorrect. [C:\Users\C27Charles.Liermann\Documents\ECE281\Labs\lab5.copy\Lab-5\src\controller_fsm.vhd:]
WARNING: [filemgmt 56-199] Attempt to get parsing info during refresh. "On-the-fly" syntax checking information may be incorrect. [C:\Users\C27Charles.Liermann\Documents\ECE281\Labs\lab5.copy\Lab-5\src\top_basys3.vhd:]
WARNING: [filemgmt 56-199] Attempt to get parsing info during refresh. "On-the-fly" syntax checking information may be incorrect. [C:\Users\C27Charles.Liermann\Documents\ECE281\Labs\lab5.copy\Lab-5\src\controller_fsm.vhd:]
WARNING: [filemgmt 56-199] Attempt to get parsing info during refresh. "On-the-fly" syntax checking information may be incorrect. [C:\Users\C27Charles.Liermann\Documents\ECE281\Labs\lab5.copy\Lab-5\src\controller_fsm.vhd:]
ERROR: [Common 17-180] Spawn failed: No error
WARNING: [filemgmt 56-199] Attempt to get parsing info during refresh. "On-the-fly" syntax checking information may be incorrect. [C:\Users\C27Charles.Liermann\Documents\ECE281\Labs\lab5.copy\Lab-5\src\controller_fsm.vhd:]
WARNING: [filemgmt 56-199] Attempt to get parsing info during refresh. "On-the-fly" syntax checking information may be incorrect. [C:\Users\C27Charles.Liermann\Documents\ECE281\Labs\lab5.copy\Lab-5\src\top_basys3.vhd:]
WARNING: [filemgmt 56-199] Attempt to get parsing info during refresh. "On-the-fly" syntax checking information may be incorrect. [C:\Users\C27Charles.Liermann\Documents\ECE281\Labs\lab5.copy\Lab-5\src\controller_fsm.vhd:]
WARNING: [filemgmt 56-199] Attempt to get parsing info during refresh. "On-the-fly" syntax checking information may be incorrect. [C:\Users\C27Charles.Liermann\Documents\ECE281\Labs\lab5.copy\Lab-5\src\controller_fsm.vhd:]
ERROR: [Common 17-180] Spawn failed: No error
launch_runs impl_1 -to_step write_bitstream -jobs 8
[Sun May  4 21:56:02 2025] Launched synth_1...
Run output will be captured here: C:/Users/C27Charles.Liermann/Documents/ECE281/Labs/lab5.copy/Lab-5/basic_cpu.runs/synth_1/runme.log
[Sun May  4 21:56:03 2025] Launched impl_1...
Run output will be captured here: C:/Users/C27Charles.Liermann/Documents/ECE281/Labs/lab5.copy/Lab-5/basic_cpu.runs/impl_1/runme.log
WARNING: [filemgmt 56-199] Attempt to get parsing info during refresh. "On-the-fly" syntax checking information may be incorrect. [C:\Users\C27Charles.Liermann\Documents\ECE281\Labs\lab5.copy\Lab-5\src\controller_fsm.vhd:]
WARNING: [filemgmt 56-199] Attempt to get parsing info during refresh. "On-the-fly" syntax checking information may be incorrect. [C:\Users\C27Charles.Liermann\Documents\ECE281\Labs\lab5.copy\Lab-5\basic_cpu.srcs\sources_1\imports\src\sevenSegDecoder.vhd:]
WARNING: [filemgmt 56-199] Attempt to get parsing info during refresh. "On-the-fly" syntax checking information may be incorrect. [C:\Users\C27Charles.Liermann\Documents\ECE281\Labs\lab5.copy\Lab-5\src\top_basys3.vhd:]
WARNING: [filemgmt 56-199] Attempt to get parsing info during refresh. "On-the-fly" syntax checking information may be incorrect. [C:\Users\C27Charles.Liermann\Documents\ECE281\Labs\lab5.copy\Lab-5\src\controller_fsm.vhd:]
WARNING: [filemgmt 56-199] Attempt to get parsing info during refresh. "On-the-fly" syntax checking information may be incorrect. [C:\Users\C27Charles.Liermann\Documents\ECE281\Labs\lab5.copy\Lab-5\src\controller_fsm.vhd:]
reset_run synth_1
WARNING: [filemgmt 56-199] Attempt to get parsing info during refresh. "On-the-fly" syntax checking information may be incorrect. [C:\Users\C27Charles.Liermann\Documents\ECE281\Labs\lab5.copy\Lab-5\src\controller_fsm.vhd:]
WARNING: [filemgmt 56-199] Attempt to get parsing info during refresh. "On-the-fly" syntax checking information may be incorrect. [C:\Users\C27Charles.Liermann\Documents\ECE281\Labs\lab5.copy\Lab-5\basic_cpu.srcs\sources_1\imports\src\sevenSegDecoder.vhd:]
WARNING: [filemgmt 56-199] Attempt to get parsing info during refresh. "On-the-fly" syntax checking information may be incorrect. [C:\Users\C27Charles.Liermann\Documents\ECE281\Labs\lab5.copy\Lab-5\src\top_basys3.vhd:]
WARNING: [filemgmt 56-199] Attempt to get parsing info during refresh. "On-the-fly" syntax checking information may be incorrect. [C:\Users\C27Charles.Liermann\Documents\ECE281\Labs\lab5.copy\Lab-5\src\top_basys3.vhd:]
WARNING: [filemgmt 56-199] Attempt to get parsing info during refresh. "On-the-fly" syntax checking information may be incorrect. [C:\Users\C27Charles.Liermann\Documents\ECE281\Labs\lab5.copy\Lab-5\src\top_basys3.vhd:]
update_compile_order -fileset sources_1
launch_runs impl_1 -to_step write_bitstream -jobs 8
WARNING: [filemgmt 56-199] Attempt to get parsing info during refresh. "On-the-fly" syntax checking information may be incorrect. [C:\Users\C27Charles.Liermann\Documents\ECE281\Labs\lab5.copy\Lab-5\src\controller_fsm.vhd:]
WARNING: [filemgmt 56-199] Attempt to get parsing info during refresh. "On-the-fly" syntax checking information may be incorrect. [C:\Users\C27Charles.Liermann\Documents\ECE281\Labs\lab5.copy\Lab-5\basic_cpu.srcs\sources_1\imports\src\sevenSegDecoder.vhd:]
WARNING: [filemgmt 56-199] Attempt to get parsing info during refresh. "On-the-fly" syntax checking information may be incorrect. [C:\Users\C27Charles.Liermann\Documents\ECE281\Labs\lab5.copy\Lab-5\src\top_basys3.vhd:]
WARNING: [filemgmt 56-199] Attempt to get parsing info during refresh. "On-the-fly" syntax checking information may be incorrect. [C:\Users\C27Charles.Liermann\Documents\ECE281\Labs\lab5.copy\Lab-5\src\controller_fsm.vhd:]
WARNING: [filemgmt 56-199] Attempt to get parsing info during refresh. "On-the-fly" syntax checking information may be incorrect. [C:\Users\C27Charles.Liermann\Documents\ECE281\Labs\lab5.copy\Lab-5\src\controller_fsm.vhd:]
WARNING: [filemgmt 56-199] Attempt to get parsing info during refresh. "On-the-fly" syntax checking information may be incorrect. [C:\Users\C27Charles.Liermann\Documents\ECE281\Labs\lab5.copy\Lab-5\src\controller_fsm.vhd:]
WARNING: [filemgmt 56-199] Attempt to get parsing info during refresh. "On-the-fly" syntax checking information may be incorrect. [C:\Users\C27Charles.Liermann\Documents\ECE281\Labs\lab5.copy\Lab-5\basic_cpu.srcs\sources_1\imports\src\sevenSegDecoder.vhd:]
WARNING: [filemgmt 56-199] Attempt to get parsing info during refresh. "On-the-fly" syntax checking information may be incorrect. [C:\Users\C27Charles.Liermann\Documents\ECE281\Labs\lab5.copy\Lab-5\src\top_basys3.vhd:]
WARNING: [filemgmt 56-199] Attempt to get parsing info during refresh. "On-the-fly" syntax checking information may be incorrect. [C:\Users\C27Charles.Liermann\Documents\ECE281\Labs\lab5.copy\Lab-5\basic_cpu.srcs\sources_1\imports\src\sevenSegDecoder.vhd:]
WARNING: [filemgmt 56-199] Attempt to get parsing info during refresh. "On-the-fly" syntax checking information may be incorrect. [C:\Users\C27Charles.Liermann\Documents\ECE281\Labs\lab5.copy\Lab-5\basic_cpu.srcs\sources_1\imports\src\sevenSegDecoder.vhd:]
[Sun May  4 21:58:33 2025] Launched synth_1...
Run output will be captured here: C:/Users/C27Charles.Liermann/Documents/ECE281/Labs/lab5.copy/Lab-5/basic_cpu.runs/synth_1/runme.log
[Sun May  4 21:58:34 2025] Launched impl_1...
Run output will be captured here: C:/Users/C27Charles.Liermann/Documents/ECE281/Labs/lab5.copy/Lab-5/basic_cpu.runs/impl_1/runme.log
WARNING: [filemgmt 56-199] Attempt to get parsing info during refresh. "On-the-fly" syntax checking information may be incorrect. [C:\Users\C27Charles.Liermann\Documents\ECE281\Labs\lab5.copy\Lab-5\src\controller_fsm.vhd:]
WARNING: [filemgmt 56-199] Attempt to get parsing info during refresh. "On-the-fly" syntax checking information may be incorrect. [C:\Users\C27Charles.Liermann\Documents\ECE281\Labs\lab5.copy\Lab-5\src\sevenSegDecoder.vhd:]
WARNING: [filemgmt 56-199] Attempt to get parsing info during refresh. "On-the-fly" syntax checking information may be incorrect. [C:\Users\C27Charles.Liermann\Documents\ECE281\Labs\lab5.copy\Lab-5\basic_cpu.srcs\sources_1\imports\src\sevenSegDecoder.vhd:]
WARNING: [filemgmt 56-199] Attempt to get parsing info during refresh. "On-the-fly" syntax checking information may be incorrect. [C:\Users\C27Charles.Liermann\Documents\ECE281\Labs\lab5.copy\Lab-5\src\top_basys3.vhd:]
WARNING: [filemgmt 56-199] Attempt to get parsing info during refresh. "On-the-fly" syntax checking information may be incorrect. [C:\Users\C27Charles.Liermann\Documents\ECE281\Labs\lab5.copy\Lab-5\src\controller_fsm.vhd:]
WARNING: [filemgmt 56-199] Attempt to get parsing info during refresh. "On-the-fly" syntax checking information may be incorrect. [C:\Users\C27Charles.Liermann\Documents\ECE281\Labs\lab5.copy\Lab-5\src\controller_fsm.vhd:]
WARNING: [filemgmt 56-199] Attempt to get parsing info during refresh. "On-the-fly" syntax checking information may be incorrect. [C:\Users\C27Charles.Liermann\Documents\ECE281\Labs\lab5.copy\Lab-5\src\controller_fsm.vhd:]
WARNING: [filemgmt 56-199] Attempt to get parsing info during refresh. "On-the-fly" syntax checking information may be incorrect. [C:\Users\C27Charles.Liermann\Documents\ECE281\Labs\lab5.copy\Lab-5\src\sevenSegDecoder.vhd:]
WARNING: [filemgmt 56-199] Attempt to get parsing info during refresh. "On-the-fly" syntax checking information may be incorrect. [C:\Users\C27Charles.Liermann\Documents\ECE281\Labs\lab5.copy\Lab-5\basic_cpu.srcs\sources_1\imports\src\sevenSegDecoder.vhd:]
WARNING: [filemgmt 56-199] Attempt to get parsing info during refresh. "On-the-fly" syntax checking information may be incorrect. [C:\Users\C27Charles.Liermann\Documents\ECE281\Labs\lab5.copy\Lab-5\src\top_basys3.vhd:]
WARNING: [filemgmt 56-199] Attempt to get parsing info during refresh. "On-the-fly" syntax checking information may be incorrect. [C:\Users\C27Charles.Liermann\Documents\ECE281\Labs\lab5.copy\Lab-5\src\sevenSegDecoder.vhd:]
WARNING: [filemgmt 56-199] Attempt to get parsing info during refresh. "On-the-fly" syntax checking information may be incorrect. [C:\Users\C27Charles.Liermann\Documents\ECE281\Labs\lab5.copy\Lab-5\src\sevenSegDecoder.vhd:]
ERROR: [Common 17-180] Spawn failed: No error
WARNING: [filemgmt 56-199] Attempt to get parsing info during refresh. "On-the-fly" syntax checking information may be incorrect. [C:\Users\C27Charles.Liermann\Documents\ECE281\Labs\lab5.copy\Lab-5\src\controller_fsm.vhd:]
WARNING: [filemgmt 56-199] Attempt to get parsing info during refresh. "On-the-fly" syntax checking information may be incorrect. [C:\Users\C27Charles.Liermann\Documents\ECE281\Labs\lab5.copy\Lab-5\src\sevenSegDecoder.vhd:]
WARNING: [filemgmt 56-199] Attempt to get parsing info during refresh. "On-the-fly" syntax checking information may be incorrect. [C:\Users\C27Charles.Liermann\Documents\ECE281\Labs\lab5.copy\Lab-5\basic_cpu.srcs\sources_1\imports\src\sevenSegDecoder.vhd:]
WARNING: [filemgmt 56-199] Attempt to get parsing info during refresh. "On-the-fly" syntax checking information may be incorrect. [C:\Users\C27Charles.Liermann\Documents\ECE281\Labs\lab5.copy\Lab-5\src\top_basys3.vhd:]
WARNING: [filemgmt 56-199] Attempt to get parsing info during refresh. "On-the-fly" syntax checking information may be incorrect. [C:\Users\C27Charles.Liermann\Documents\ECE281\Labs\lab5.copy\Lab-5\src\top_basys3.vhd:]
WARNING: [filemgmt 56-199] Attempt to get parsing info during refresh. "On-the-fly" syntax checking information may be incorrect. [C:\Users\C27Charles.Liermann\Documents\ECE281\Labs\lab5.copy\Lab-5\src\top_basys3.vhd:]
ERROR: [Common 17-180] Spawn failed: No error
reset_run synth_1
launch_runs impl_1 -to_step write_bitstream -jobs 8
[Sun May  4 21:59:47 2025] Launched synth_1...
Run output will be captured here: C:/Users/C27Charles.Liermann/Documents/ECE281/Labs/lab5.copy/Lab-5/basic_cpu.runs/synth_1/runme.log
[Sun May  4 21:59:47 2025] Launched impl_1...
Run output will be captured here: C:/Users/C27Charles.Liermann/Documents/ECE281/Labs/lab5.copy/Lab-5/basic_cpu.runs/impl_1/runme.log
export_ip_user_files -of_objects  [get_files C:/Users/C27Charles.Liermann/Documents/ECE281/Labs/lab5.copy/Lab-5/src/controller_fsm.vhd] -no_script -reset -force -quiet
remove_files  C:/Users/C27Charles.Liermann/Documents/ECE281/Labs/lab5.copy/Lab-5/src/controller_fsm.vhd
WARNING: [filemgmt 56-199] Attempt to get parsing info during refresh. "On-the-fly" syntax checking information may be incorrect. [C:\Users\C27Charles.Liermann\Documents\ECE281\Labs\lab5.copy\Lab-5\src\controller_fsm.vhd:]
WARNING: [filemgmt 56-199] Attempt to get parsing info during refresh. "On-the-fly" syntax checking information may be incorrect. [C:\Users\C27Charles.Liermann\Documents\ECE281\Labs\lab5.copy\Lab-5\src\sevenSegDecoder.vhd:]
WARNING: [filemgmt 56-199] Attempt to get parsing info during refresh. "On-the-fly" syntax checking information may be incorrect. [C:\Users\C27Charles.Liermann\Documents\ECE281\Labs\lab5.copy\Lab-5\basic_cpu.srcs\sources_1\imports\src\sevenSegDecoder.vhd:]
WARNING: [filemgmt 56-199] Attempt to get parsing info during refresh. "On-the-fly" syntax checking information may be incorrect. [C:\Users\C27Charles.Liermann\Documents\ECE281\Labs\lab5.copy\Lab-5\src\top_basys3.vhd:]
WARNING: [filemgmt 56-199] Attempt to get parsing info during refresh. "On-the-fly" syntax checking information may be incorrect. [C:\Users\C27Charles.Liermann\Documents\ECE281\Labs\lab5.copy\Lab-5\src\sevenSegDecoder.vhd:]
WARNING: [filemgmt 56-199] Attempt to get parsing info during refresh. "On-the-fly" syntax checking information may be incorrect. [C:\Users\C27Charles.Liermann\Documents\ECE281\Labs\lab5.copy\Lab-5\src\sevenSegDecoder.vhd:]
WARNING: [filemgmt 56-199] Attempt to get parsing info during refresh. "On-the-fly" syntax checking information may be incorrect. [C:\Users\C27Charles.Liermann\Documents\ECE281\Labs\lab5.copy\Lab-5\src\controller_fsm.vhd:]
WARNING: [filemgmt 56-199] Attempt to get parsing info during refresh. "On-the-fly" syntax checking information may be incorrect. [C:\Users\C27Charles.Liermann\Documents\ECE281\Labs\lab5.copy\Lab-5\src\sevenSegDecoder.vhd:]
WARNING: [filemgmt 56-199] Attempt to get parsing info during refresh. "On-the-fly" syntax checking information may be incorrect. [C:\Users\C27Charles.Liermann\Documents\ECE281\Labs\lab5.copy\Lab-5\basic_cpu.srcs\sources_1\imports\src\sevenSegDecoder.vhd:]
WARNING: [filemgmt 56-199] Attempt to get parsing info during refresh. "On-the-fly" syntax checking information may be incorrect. [C:\Users\C27Charles.Liermann\Documents\ECE281\Labs\lab5.copy\Lab-5\src\top_basys3.vhd:]
WARNING: [filemgmt 56-199] Attempt to get parsing info during refresh. "On-the-fly" syntax checking information may be incorrect. [C:\Users\C27Charles.Liermann\Documents\ECE281\Labs\lab5.copy\Lab-5\basic_cpu.srcs\sources_1\imports\src\sevenSegDecoder.vhd:]
WARNING: [filemgmt 56-199] Attempt to get parsing info during refresh. "On-the-fly" syntax checking information may be incorrect. [C:\Users\C27Charles.Liermann\Documents\ECE281\Labs\lab5.copy\Lab-5\basic_cpu.srcs\sources_1\imports\src\sevenSegDecoder.vhd:]
ERROR: [Common 17-180] Spawn failed: No error
WARNING: [filemgmt 56-199] Attempt to get parsing info during refresh. "On-the-fly" syntax checking information may be incorrect. [C:\Users\C27Charles.Liermann\Documents\ECE281\Labs\lab5.copy\Lab-5\src\controller_fsm.vhd:]
WARNING: [filemgmt 56-199] Attempt to get parsing info during refresh. "On-the-fly" syntax checking information may be incorrect. [C:\Users\C27Charles.Liermann\Documents\ECE281\Labs\lab5.copy\Lab-5\src\twoscomp_decimal.vhd:]
WARNING: [filemgmt 56-199] Attempt to get parsing info during refresh. "On-the-fly" syntax checking information may be incorrect. [C:\Users\C27Charles.Liermann\Documents\ECE281\Labs\lab5.copy\Lab-5\src\sevenSegDecoder.vhd:]
WARNING: [filemgmt 56-199] Attempt to get parsing info during refresh. "On-the-fly" syntax checking information may be incorrect. [C:\Users\C27Charles.Liermann\Documents\ECE281\Labs\lab5.copy\Lab-5\basic_cpu.srcs\sources_1\imports\src\sevenSegDecoder.vhd:]
WARNING: [filemgmt 56-199] Attempt to get parsing info during refresh. "On-the-fly" syntax checking information may be incorrect. [C:\Users\C27Charles.Liermann\Documents\ECE281\Labs\lab5.copy\Lab-5\src\top_basys3.vhd:]
WARNING: [filemgmt 56-199] Attempt to get parsing info during refresh. "On-the-fly" syntax checking information may be incorrect. [C:\Users\C27Charles.Liermann\Documents\ECE281\Labs\lab5.copy\Lab-5\basic_cpu.srcs\sources_1\imports\src\sevenSegDecoder.vhd:]
WARNING: [filemgmt 56-199] Attempt to get parsing info during refresh. "On-the-fly" syntax checking information may be incorrect. [C:\Users\C27Charles.Liermann\Documents\ECE281\Labs\lab5.copy\Lab-5\basic_cpu.srcs\sources_1\imports\src\sevenSegDecoder.vhd:]
WARNING: [filemgmt 56-199] Attempt to get parsing info during refresh. "On-the-fly" syntax checking information may be incorrect. [C:\Users\C27Charles.Liermann\Documents\ECE281\Labs\lab5.copy\Lab-5\src\controller_fsm.vhd:]
WARNING: [filemgmt 56-199] Attempt to get parsing info during refresh. "On-the-fly" syntax checking information may be incorrect. [C:\Users\C27Charles.Liermann\Documents\ECE281\Labs\lab5.copy\Lab-5\src\twoscomp_decimal.vhd:]
WARNING: [filemgmt 56-199] Attempt to get parsing info during refresh. "On-the-fly" syntax checking information may be incorrect. [C:\Users\C27Charles.Liermann\Documents\ECE281\Labs\lab5.copy\Lab-5\src\sevenSegDecoder.vhd:]
WARNING: [filemgmt 56-199] Attempt to get parsing info during refresh. "On-the-fly" syntax checking information may be incorrect. [C:\Users\C27Charles.Liermann\Documents\ECE281\Labs\lab5.copy\Lab-5\basic_cpu.srcs\sources_1\imports\src\sevenSegDecoder.vhd:]
WARNING: [filemgmt 56-199] Attempt to get parsing info during refresh. "On-the-fly" syntax checking information may be incorrect. [C:\Users\C27Charles.Liermann\Documents\ECE281\Labs\lab5.copy\Lab-5\src\top_basys3.vhd:]
WARNING: [filemgmt 56-199] Attempt to get parsing info during refresh. "On-the-fly" syntax checking information may be incorrect. [C:\Users\C27Charles.Liermann\Documents\ECE281\Labs\lab5.copy\Lab-5\src\twoscomp_decimal.vhd:]
WARNING: [filemgmt 56-199] Attempt to get parsing info during refresh. "On-the-fly" syntax checking information may be incorrect. [C:\Users\C27Charles.Liermann\Documents\ECE281\Labs\lab5.copy\Lab-5\src\twoscomp_decimal.vhd:]
ERROR: [Common 17-180] Spawn failed: No error
WARNING: [filemgmt 56-199] Attempt to get parsing info during refresh. "On-the-fly" syntax checking information may be incorrect. [C:\Users\C27Charles.Liermann\Documents\ECE281\Labs\lab5.copy\Lab-5\src\controller_fsm.vhd:]
WARNING: [filemgmt 56-199] Attempt to get parsing info during refresh. "On-the-fly" syntax checking information may be incorrect. [C:\Users\C27Charles.Liermann\Documents\ECE281\Labs\lab5.copy\Lab-5\src\twoscomp_decimal.vhd:]
WARNING: [filemgmt 56-199] Attempt to get parsing info during refresh. "On-the-fly" syntax checking information may be incorrect. [C:\Users\C27Charles.Liermann\Documents\ECE281\Labs\lab5.copy\Lab-5\src\sevenSegDecoder.vhd:]
WARNING: [filemgmt 56-199] Attempt to get parsing info during refresh. "On-the-fly" syntax checking information may be incorrect. [C:\Users\C27Charles.Liermann\Documents\ECE281\Labs\lab5.copy\Lab-5\basic_cpu.srcs\sources_1\imports\src\sevenSegDecoder.vhd:]
WARNING: [filemgmt 56-199] Attempt to get parsing info during refresh. "On-the-fly" syntax checking information may be incorrect. [C:\Users\C27Charles.Liermann\Documents\ECE281\Labs\lab5.copy\Lab-5\src\top_basys3.vhd:]
WARNING: [filemgmt 56-199] Attempt to get parsing info during refresh. "On-the-fly" syntax checking information may be incorrect. [C:\Users\C27Charles.Liermann\Documents\ECE281\Labs\lab5.copy\Lab-5\src\top_basys3.vhd:]
WARNING: [filemgmt 56-199] Attempt to get parsing info during refresh. "On-the-fly" syntax checking information may be incorrect. [C:\Users\C27Charles.Liermann\Documents\ECE281\Labs\lab5.copy\Lab-5\src\top_basys3.vhd:]
ERROR: [Common 17-180] Spawn failed: No error
reset_run synth_1
launch_runs impl_1 -to_step write_bitstream -jobs 8
[Sun May  4 22:02:08 2025] Launched synth_1...
Run output will be captured here: C:/Users/C27Charles.Liermann/Documents/ECE281/Labs/lab5.copy/Lab-5/basic_cpu.runs/synth_1/runme.log
[Sun May  4 22:02:08 2025] Launched impl_1...
Run output will be captured here: C:/Users/C27Charles.Liermann/Documents/ECE281/Labs/lab5.copy/Lab-5/basic_cpu.runs/impl_1/runme.log
open_hw_manager
connect_hw_server -allow_non_jtag
INFO: [Labtools 27-2285] Connecting to hw_server url TCP:localhost:3121
INFO: [Labtools 27-2222] Launching hw_server...
INFO: [Labtools 27-2221] Launch Output:

****** Xilinx hw_server v2024.2
  **** Build date : Oct 29 2024 at 10:25:41
    ** Copyright 1986-2022 Xilinx, Inc. All Rights Reserved.


INFO: [Labtools 27-3415] Connecting to cs_server url TCP:localhost:0
INFO: [Labtools 27-3417] Launching cs_server...
INFO: [Labtools 27-2221] Launch Output:


******** Xilinx cs_server v2024.2.0
  ****** Build date   : Oct 30 2024-12:19:07
    **** Build number : 2024.2.1730312347
      ** Copyright 2017-2022 Xilinx, Inc. All Rights Reserved.
      ** Copyright 2022-2025 Advanced Micro Devices, Inc. All Rights Reserved.



connect_hw_server: Time (s): cpu = 00:00:01 ; elapsed = 00:00:13 . Memory (MB): peak = 1192.066 ; gain = 4.746
open_hw_target
INFO: [Labtoolstcl 44-466] Opening hw_target localhost:3121/xilinx_tcf/Digilent/210183A4D850A
set_property PROGRAM.FILE {C:/Users/C27Charles.Liermann/Documents/ECE281/Labs/lab5.copy/Lab-5/basic_cpu.runs/impl_1/top_basys3.bit} [get_hw_devices xc7a35t_0]
current_hw_device [get_hw_devices xc7a35t_0]
refresh_hw_device -update_hw_probes false [lindex [get_hw_devices xc7a35t_0] 0]
INFO: [Labtools 27-1434] Device xc7a35t (JTAG device index = 0) is programmed with a design that has no supported debug core(s) in it.
set_property PROBES.FILE {} [get_hw_devices xc7a35t_0]
set_property FULL_PROBES.FILE {} [get_hw_devices xc7a35t_0]
set_property PROGRAM.FILE {C:/Users/C27Charles.Liermann/Documents/ECE281/Labs/lab5.copy/Lab-5/basic_cpu.runs/impl_1/top_basys3.bit} [get_hw_devices xc7a35t_0]
program_hw_devices [get_hw_devices xc7a35t_0]
INFO: [Labtools 27-3164] End of startup status: HIGH
refresh_hw_device [lindex [get_hw_devices xc7a35t_0] 0]
INFO: [Labtools 27-1434] Device xc7a35t (JTAG device index = 0) is programmed with a design that has no supported debug core(s) in it.
exit
INFO: [Common 17-206] Exiting Vivado at Sun May  4 22:08:52 2025...
