#-----------------------------------------------------------
# Vivado v2024.2 (64-bit)
# SW Build 5239630 on Fri Nov 08 22:35:27 MST 2024
# IP Build 5239520 on Sun Nov 10 16:12:51 MST 2024
# SharedData Build 5239561 on Fri Nov 08 14:39:27 MST 2024
# Start of session at: Sun May  4 22:12:19 2025
# Process ID         : 11528
# Current directory  : C:/Users/C27Grace.Kurian/ece281/LAB/lab5.copy/Lab-5
# Command line       : vivado.exe -gui_launcher_event rodinguilauncherevent15044 C:\Users\C27Grace.Kurian\ece281\LAB\lab5.copy\Lab-5\basic_cpu.xpr
# Log file           : C:/Users/C27Grace.Kurian/ece281/LAB/lab5.copy/Lab-5/vivado.log
# Journal file       : C:/Users/C27Grace.Kurian/ece281/LAB/lab5.copy/Lab-5\vivado.jou
# Running On         : C27-5CG3123P21
# Platform           : Windows Server 2016 or Windows 10
# Operating System   : 22631
# Processor Detail   : AMD Ryzen 7 PRO 6850U with Radeon Graphics     
# CPU Frequency      : 2695 MHz
# CPU Physical cores : 8
# CPU Logical cores  : 16
# Host memory        : 16442 MB
# Swap memory        : 20401 MB
# Total Virtual      : 36843 MB
# Available Virtual  : 9605 MB
#-----------------------------------------------------------
start_gui
open_project C:/Users/C27Grace.Kurian/ece281/LAB/lab5.copy/Lab-5/basic_cpu.xpr
INFO: [Project 1-313] Project file moved from 'C:/Users/C27Charles.Liermann/Documents/ECE281/Labs/lab5.copy/Lab-5' since last save.
INFO: [filemgmt 56-3] Default IP Output Path : Could not find the directory 'C:/Users/C27Grace.Kurian/ece281/LAB/lab5.copy/Lab-5/basic_cpu.gen/sources_1'.
WARNING: [filemgmt 56-3] IPUserFilesDir: Could not find the directory 'C:/Users/C27Grace.Kurian/ece281/LAB/lab5.copy/Lab-5/basic_cpu.ip_user_files'.
Scanning sources...
Finished scanning sources
INFO: [IP_Flow 19-234] Refreshing IP repositories
INFO: [IP_Flow 19-1704] No user IP repositories specified
INFO: [IP_Flow 19-2313] Loaded Vivado IP repository 'C:/Xilinx/Vivado/2024.2/data/ip'.
open_project: Time (s): cpu = 00:00:05 ; elapsed = 00:00:10 . Memory (MB): peak = 1132.410 ; gain = 67.395
update_compile_order -fileset sources_1
reset_run synth_1
INFO: [Project 1-1161] Replacing file C:/Users/C27Grace.Kurian/ece281/LAB/lab5.copy/Lab-5/basic_cpu.srcs/utils_1/imports/synth_1/top_basys3.dcp with file C:/Users/C27Grace.Kurian/ece281/LAB/lab5.copy/Lab-5/basic_cpu.runs/synth_1/top_basys3.dcp
launch_runs impl_1 -to_step write_bitstream -jobs 8
[Sun May  4 22:13:52 2025] Launched synth_1...
Run output will be captured here: C:/Users/C27Grace.Kurian/ece281/LAB/lab5.copy/Lab-5/basic_cpu.runs/synth_1/runme.log
[Sun May  4 22:13:52 2025] Launched impl_1...
Run output will be captured here: C:/Users/C27Grace.Kurian/ece281/LAB/lab5.copy/Lab-5/basic_cpu.runs/impl_1/runme.log
open_hw_manager
connect_hw_server -allow_non_jtag
INFO: [Labtools 27-2285] Connecting to hw_server url TCP:localhost:3121
INFO: [Labtools 27-2222] Launching hw_server...
INFO: [Labtools 27-2221] Launch Output:

****** Xilinx hw_server v2024.2
  **** Build date : Oct 29 2024 at 10:25:41
    ** Copyright 1986-2022 Xilinx, Inc. All Rights Reserved.


INFO: [Labtools 27-3415] Connecting to cs_server url TCP:localhost:0
INFO: [Labtools 27-3417] Launching cs_server...
INFO: [Labtools 27-2221] Launch Output:


******** Xilinx cs_server v2024.2.0
  ****** Build date   : Oct 30 2024-12:19:07
    **** Build number : 2024.2.1730312347
      ** Copyright 2017-2022 Xilinx, Inc. All Rights Reserved.
      ** Copyright 2022-2025 Advanced Micro Devices, Inc. All Rights Reserved.



connect_hw_server: Time (s): cpu = 00:00:01 ; elapsed = 00:00:28 . Memory (MB): peak = 1170.184 ; gain = 0.000
open_hw_target
INFO: [Labtoolstcl 44-466] Opening hw_target localhost:3121/xilinx_tcf/Digilent/210183A4D850A
current_hw_device [get_hw_devices xc7a35t_0]
refresh_hw_device -update_hw_probes false [lindex [get_hw_devices xc7a35t_0] 0]
INFO: [Labtools 27-1434] Device xc7a35t (JTAG device index = 0) is programmed with a design that has no supported debug core(s) in it.
set_property PROBES.FILE {} [get_hw_devices xc7a35t_0]
set_property FULL_PROBES.FILE {} [get_hw_devices xc7a35t_0]
set_property PROGRAM.FILE {C:/Users/C27Grace.Kurian/ece281/LAB/lab5.copy/Lab-5/basic_cpu.runs/impl_1/top_basys3.bit} [get_hw_devices xc7a35t_0]
program_hw_devices [get_hw_devices xc7a35t_0]
INFO: [Labtools 27-3164] End of startup status: HIGH
refresh_hw_device [lindex [get_hw_devices xc7a35t_0] 0]
INFO: [Labtools 27-1434] Device xc7a35t (JTAG device index = 0) is programmed with a design that has no supported debug core(s) in it.
ERROR: [Labtoolstcl 44-513] HW Target shutdown. Closing target: localhost:3121/xilinx_tcf/Digilent/210183A4D850A
close_hw_manager
WARNING: [filemgmt 56-199] Attempt to get parsing info during refresh. "On-the-fly" syntax checking information may be incorrect. [C:\Users\C27Grace.Kurian\ece281\LAB\lab5.copy\Lab-5\basic_cpu.srcs\sources_1\imports\src\sevenSegDecoder.vhd:]
WARNING: [filemgmt 56-199] Attempt to get parsing info during refresh. "On-the-fly" syntax checking information may be incorrect. [C:\Users\C27Grace.Kurian\ece281\LAB\lab5.copy\Lab-5\src\top_basys3.vhd:]
WARNING: [filemgmt 56-199] Attempt to get parsing info during refresh. "On-the-fly" syntax checking information may be incorrect. [C:\Users\C27Grace.Kurian\ece281\LAB\lab5.copy\Lab-5\src\TDM4.vhd:]
WARNING: [filemgmt 56-199] Attempt to get parsing info during refresh. "On-the-fly" syntax checking information may be incorrect. [C:\Users\C27Grace.Kurian\ece281\LAB\lab5.copy\Lab-5\src\ALU.vhd:]
WARNING: [filemgmt 56-199] Attempt to get parsing info during refresh. "On-the-fly" syntax checking information may be incorrect. [C:\Users\C27Grace.Kurian\ece281\LAB\lab5.copy\Lab-5\src\ALU.vhd:]
WARNING: [filemgmt 56-199] Attempt to get parsing info during refresh. "On-the-fly" syntax checking information may be incorrect. [C:\Users\C27Grace.Kurian\ece281\LAB\lab5.copy\Lab-5\src\ALU.vhd:]
WARNING: [filemgmt 56-199] Attempt to get parsing info during refresh. "On-the-fly" syntax checking information may be incorrect. [C:\Users\C27Grace.Kurian\ece281\LAB\lab5.copy\Lab-5\basic_cpu.srcs\sources_1\imports\src\sevenSegDecoder.vhd:]
WARNING: [filemgmt 56-199] Attempt to get parsing info during refresh. "On-the-fly" syntax checking information may be incorrect. [C:\Users\C27Grace.Kurian\ece281\LAB\lab5.copy\Lab-5\src\top_basys3.vhd:]
WARNING: [filemgmt 56-199] Attempt to get parsing info during refresh. "On-the-fly" syntax checking information may be incorrect. [C:\Users\C27Grace.Kurian\ece281\LAB\lab5.copy\Lab-5\src\TDM4.vhd:]
WARNING: [filemgmt 56-199] Attempt to get parsing info during refresh. "On-the-fly" syntax checking information may be incorrect. [C:\Users\C27Grace.Kurian\ece281\LAB\lab5.copy\Lab-5\src\ALU.vhd:]
WARNING: [filemgmt 56-199] Attempt to get parsing info during refresh. "On-the-fly" syntax checking information may be incorrect. [C:\Users\C27Grace.Kurian\ece281\LAB\lab5.copy\Lab-5\basic_cpu.srcs\sources_1\imports\src\sevenSegDecoder.vhd:]
WARNING: [filemgmt 56-199] Attempt to get parsing info during refresh. "On-the-fly" syntax checking information may be incorrect. [C:\Users\C27Grace.Kurian\ece281\LAB\lab5.copy\Lab-5\basic_cpu.srcs\sources_1\imports\src\sevenSegDecoder.vhd:]
WARNING: [filemgmt 56-199] Attempt to get parsing info during refresh. "On-the-fly" syntax checking information may be incorrect. [C:\Users\C27Grace.Kurian\ece281\LAB\lab5.copy\Lab-5\basic_cpu.srcs\sources_1\imports\src\sevenSegDecoder.vhd:]
WARNING: [filemgmt 56-199] Attempt to get parsing info during refresh. "On-the-fly" syntax checking information may be incorrect. [C:\Users\C27Grace.Kurian\ece281\LAB\lab5.copy\Lab-5\src\top_basys3.vhd:]
WARNING: [filemgmt 56-199] Attempt to get parsing info during refresh. "On-the-fly" syntax checking information may be incorrect. [C:\Users\C27Grace.Kurian\ece281\LAB\lab5.copy\Lab-5\src\TDM4.vhd:]
WARNING: [filemgmt 56-199] Attempt to get parsing info during refresh. "On-the-fly" syntax checking information may be incorrect. [C:\Users\C27Grace.Kurian\ece281\LAB\lab5.copy\Lab-5\src\ALU.vhd:]
WARNING: [filemgmt 56-199] Attempt to get parsing info during refresh. "On-the-fly" syntax checking information may be incorrect. [C:\Users\C27Grace.Kurian\ece281\LAB\lab5.copy\Lab-5\src\top_basys3.vhd:]
WARNING: [filemgmt 56-199] Attempt to get parsing info during refresh. "On-the-fly" syntax checking information may be incorrect. [C:\Users\C27Grace.Kurian\ece281\LAB\lab5.copy\Lab-5\src\top_basys3.vhd:]
reset_run synth_1
INFO: [Project 1-1161] Replacing file C:/Users/C27Grace.Kurian/ece281/LAB/lab5.copy/Lab-5/basic_cpu.srcs/utils_1/imports/synth_1/top_basys3.dcp with file C:/Users/C27Grace.Kurian/ece281/LAB/lab5.copy/Lab-5/basic_cpu.runs/synth_1/top_basys3.dcp
launch_runs impl_1 -to_step write_bitstream -jobs 8
WARNING: [filemgmt 56-199] Attempt to get parsing info during refresh. "On-the-fly" syntax checking information may be incorrect. [C:\Users\C27Grace.Kurian\ece281\LAB\lab5.copy\Lab-5\basic_cpu.srcs\sources_1\imports\src\sevenSegDecoder.vhd:]
WARNING: [filemgmt 56-199] Attempt to get parsing info during refresh. "On-the-fly" syntax checking information may be incorrect. [C:\Users\C27Grace.Kurian\ece281\LAB\lab5.copy\Lab-5\src\top_basys3.vhd:]
WARNING: [filemgmt 56-199] Attempt to get parsing info during refresh. "On-the-fly" syntax checking information may be incorrect. [C:\Users\C27Grace.Kurian\ece281\LAB\lab5.copy\Lab-5\src\TDM4.vhd:]
WARNING: [filemgmt 56-199] Attempt to get parsing info during refresh. "On-the-fly" syntax checking information may be incorrect. [C:\Users\C27Grace.Kurian\ece281\LAB\lab5.copy\Lab-5\src\ALU.vhd:]
WARNING: [filemgmt 56-199] Attempt to get parsing info during refresh. "On-the-fly" syntax checking information may be incorrect. [C:\Users\C27Grace.Kurian\ece281\LAB\lab5.copy\Lab-5\src\ALU.vhd:]
WARNING: [filemgmt 56-199] Attempt to get parsing info during refresh. "On-the-fly" syntax checking information may be incorrect. [C:\Users\C27Grace.Kurian\ece281\LAB\lab5.copy\Lab-5\src\ALU.vhd:]
WARNING: [filemgmt 56-199] Attempt to get parsing info during refresh. "On-the-fly" syntax checking information may be incorrect. [C:\Users\C27Grace.Kurian\ece281\LAB\lab5.copy\Lab-5\basic_cpu.srcs\sources_1\imports\src\sevenSegDecoder.vhd:]
WARNING: [filemgmt 56-199] Attempt to get parsing info during refresh. "On-the-fly" syntax checking information may be incorrect. [C:\Users\C27Grace.Kurian\ece281\LAB\lab5.copy\Lab-5\src\top_basys3.vhd:]
WARNING: [filemgmt 56-199] Attempt to get parsing info during refresh. "On-the-fly" syntax checking information may be incorrect. [C:\Users\C27Grace.Kurian\ece281\LAB\lab5.copy\Lab-5\src\TDM4.vhd:]
WARNING: [filemgmt 56-199] Attempt to get parsing info during refresh. "On-the-fly" syntax checking information may be incorrect. [C:\Users\C27Grace.Kurian\ece281\LAB\lab5.copy\Lab-5\src\ALU.vhd:]
WARNING: [filemgmt 56-199] Attempt to get parsing info during refresh. "On-the-fly" syntax checking information may be incorrect. [C:\Users\C27Grace.Kurian\ece281\LAB\lab5.copy\Lab-5\basic_cpu.srcs\sources_1\imports\src\sevenSegDecoder.vhd:]
WARNING: [filemgmt 56-199] Attempt to get parsing info during refresh. "On-the-fly" syntax checking information may be incorrect. [C:\Users\C27Grace.Kurian\ece281\LAB\lab5.copy\Lab-5\basic_cpu.srcs\sources_1\imports\src\sevenSegDecoder.vhd:]
[Mon May  5 12:49:06 2025] Launched synth_1...
Run output will be captured here: C:/Users/C27Grace.Kurian/ece281/LAB/lab5.copy/Lab-5/basic_cpu.runs/synth_1/runme.log
[Mon May  5 12:49:06 2025] Launched impl_1...
Run output will be captured here: C:/Users/C27Grace.Kurian/ece281/LAB/lab5.copy/Lab-5/basic_cpu.runs/impl_1/runme.log
ERROR: [Common 17-180] Spawn failed: No error
WARNING: [filemgmt 56-199] Attempt to get parsing info during refresh. "On-the-fly" syntax checking information may be incorrect. [C:\Users\C27Grace.Kurian\ece281\LAB\lab5.copy\Lab-5\basic_cpu.srcs\sources_1\imports\src\sevenSegDecoder.vhd:]
ERROR: [Common 17-180] Spawn failed: No error
WARNING: [filemgmt 56-199] Attempt to get parsing info during refresh. "On-the-fly" syntax checking information may be incorrect. [C:\Users\C27Grace.Kurian\ece281\LAB\lab5.copy\Lab-5\src\top_basys3.vhd:]
WARNING: [filemgmt 56-199] Attempt to get parsing info during refresh. "On-the-fly" syntax checking information may be incorrect. [C:\Users\C27Grace.Kurian\ece281\LAB\lab5.copy\Lab-5\src\TDM4.vhd:]
WARNING: [filemgmt 56-199] Attempt to get parsing info during refresh. "On-the-fly" syntax checking information may be incorrect. [C:\Users\C27Grace.Kurian\ece281\LAB\lab5.copy\Lab-5\src\ALU.vhd:]
WARNING: [filemgmt 56-199] Attempt to get parsing info during refresh. "On-the-fly" syntax checking information may be incorrect. [C:\Users\C27Grace.Kurian\ece281\LAB\lab5.copy\Lab-5\src\top_basys3.vhd:]
WARNING: [filemgmt 56-199] Attempt to get parsing info during refresh. "On-the-fly" syntax checking information may be incorrect. [C:\Users\C27Grace.Kurian\ece281\LAB\lab5.copy\Lab-5\src\top_basys3.vhd:]
open_hw_manager
connect_hw_server -allow_non_jtag
INFO: [Labtools 27-2285] Connecting to hw_server url TCP:localhost:3121
INFO: [Labtools 27-2222] Launching hw_server...
INFO: [Labtools 27-2221] Launch Output:

****** Xilinx hw_server v2024.2
  **** Build date : Oct 29 2024 at 10:25:41
    ** Copyright 1986-2022 Xilinx, Inc. All Rights Reserved.


INFO: [Labtools 27-3415] Connecting to cs_server url TCP:localhost:0
INFO: [Labtools 27-3417] Launching cs_server...
INFO: [Labtools 27-2221] Launch Output:


******** Xilinx cs_server v2024.2.0
  ****** Build date   : Oct 30 2024-12:19:07
    **** Build number : 2024.2.1730312347
      ** Copyright 2017-2022 Xilinx, Inc. All Rights Reserved.
      ** Copyright 2022-2025 Advanced Micro Devices, Inc. All Rights Reserved.



connect_hw_server: Time (s): cpu = 00:00:00 ; elapsed = 00:00:23 . Memory (MB): peak = 1264.832 ; gain = 0.000
open_hw_target
INFO: [Labtoolstcl 44-466] Opening hw_target localhost:3121/xilinx_tcf/Digilent/210183AF2979A
set_property PROGRAM.FILE {C:/Users/C27Grace.Kurian/ece281/LAB/lab5.copy/Lab-5/basic_cpu.runs/impl_1/top_basys3.bit} [get_hw_devices xc7a35t_0]
current_hw_device [get_hw_devices xc7a35t_0]
refresh_hw_device -update_hw_probes false [lindex [get_hw_devices xc7a35t_0] 0]
INFO: [Labtools 27-1434] Device xc7a35t (JTAG device index = 0) is programmed with a design that has no supported debug core(s) in it.
set_property PROBES.FILE {} [get_hw_devices xc7a35t_0]
set_property FULL_PROBES.FILE {} [get_hw_devices xc7a35t_0]
set_property PROGRAM.FILE {C:/Users/C27Grace.Kurian/ece281/LAB/lab5.copy/Lab-5/basic_cpu.runs/impl_1/top_basys3.bit} [get_hw_devices xc7a35t_0]
program_hw_devices [get_hw_devices xc7a35t_0]
INFO: [Labtools 27-3164] End of startup status: HIGH
refresh_hw_device [lindex [get_hw_devices xc7a35t_0] 0]
INFO: [Labtools 27-1434] Device xc7a35t (JTAG device index = 0) is programmed with a design that has no supported debug core(s) in it.
ERROR: [Labtoolstcl 44-513] HW Target shutdown. Closing target: localhost:3121/xilinx_tcf/Digilent/210183AF2979A
INFO: [Labtoolstcl 44-466] Opening hw_target localhost:3121/xilinx_tcf/Digilent/210183AF2979A
INFO: [Labtools 27-1434] Device xc7a35t (JTAG device index = 0) is programmed with a design that has no supported debug core(s) in it.
WARNING: [Labtoolstcl 44-129] No matching hw_ila_data was found.
set_property PROBES.FILE {} [get_hw_devices xc7a35t_0]
set_property FULL_PROBES.FILE {} [get_hw_devices xc7a35t_0]
set_property PROGRAM.FILE {C:/Users/C27Grace.Kurian/ece281/LAB/lab5.copy/Lab-5/basic_cpu.runs/impl_1/top_basys3.bit} [get_hw_devices xc7a35t_0]
program_hw_devices [get_hw_devices xc7a35t_0]
INFO: [Labtools 27-3164] End of startup status: HIGH
refresh_hw_device [lindex [get_hw_devices xc7a35t_0] 0]
INFO: [Labtools 27-1434] Device xc7a35t (JTAG device index = 0) is programmed with a design that has no supported debug core(s) in it.
WARNING: [filemgmt 56-199] Attempt to get parsing info during refresh. "On-the-fly" syntax checking information may be incorrect. [C:\Users\C27Grace.Kurian\ece281\LAB\lab5.copy\Lab-5\basic_cpu.srcs\sources_1\imports\src\sevenSegDecoder.vhd:]
WARNING: [filemgmt 56-199] Attempt to get parsing info during refresh. "On-the-fly" syntax checking information may be incorrect. [C:\Users\C27Grace.Kurian\ece281\LAB\lab5.copy\Lab-5\src\top_basys3.vhd:]
WARNING: [filemgmt 56-199] Attempt to get parsing info during refresh. "On-the-fly" syntax checking information may be incorrect. [C:\Users\C27Grace.Kurian\ece281\LAB\lab5.copy\Lab-5\src\TDM4.vhd:]
WARNING: [filemgmt 56-199] Attempt to get parsing info during refresh. "On-the-fly" syntax checking information may be incorrect. [C:\Users\C27Grace.Kurian\ece281\LAB\lab5.copy\Lab-5\src\ALU.vhd:]
WARNING: [filemgmt 56-199] Attempt to get parsing info during refresh. "On-the-fly" syntax checking information may be incorrect. [C:\Users\C27Grace.Kurian\ece281\LAB\lab5.copy\Lab-5\src\TDM4.vhd:]
WARNING: [filemgmt 56-199] Attempt to get parsing info during refresh. "On-the-fly" syntax checking information may be incorrect. [C:\Users\C27Grace.Kurian\ece281\LAB\lab5.copy\Lab-5\src\TDM4.vhd:]
WARNING: [filemgmt 56-199] Attempt to get parsing info during refresh. "On-the-fly" syntax checking information may be incorrect. [C:\Users\C27Grace.Kurian\ece281\LAB\lab5.copy\Lab-5\basic_cpu.srcs\sources_1\imports\src\sevenSegDecoder.vhd:]
WARNING: [filemgmt 56-199] Attempt to get parsing info during refresh. "On-the-fly" syntax checking information may be incorrect. [C:\Users\C27Grace.Kurian\ece281\LAB\lab5.copy\Lab-5\src\top_basys3.vhd:]
WARNING: [filemgmt 56-199] Attempt to get parsing info during refresh. "On-the-fly" syntax checking information may be incorrect. [C:\Users\C27Grace.Kurian\ece281\LAB\lab5.copy\Lab-5\src\TDM4.vhd:]
WARNING: [filemgmt 56-199] Attempt to get parsing info during refresh. "On-the-fly" syntax checking information may be incorrect. [C:\Users\C27Grace.Kurian\ece281\LAB\lab5.copy\Lab-5\src\ALU.vhd:]
WARNING: [filemgmt 56-199] Attempt to get parsing info during refresh. "On-the-fly" syntax checking information may be incorrect. [C:\Users\C27Grace.Kurian\ece281\LAB\lab5.copy\Lab-5\src\ALU.vhd:]
WARNING: [filemgmt 56-199] Attempt to get parsing info during refresh. "On-the-fly" syntax checking information may be incorrect. [C:\Users\C27Grace.Kurian\ece281\LAB\lab5.copy\Lab-5\src\ALU.vhd:]
refresh_hw_device [lindex [get_hw_devices xc7a35t_0] 0]
INFO: [Labtools 27-1434] Device xc7a35t (JTAG device index = 0) is programmed with a design that has no supported debug core(s) in it.
ERROR: [Common 17-180] Spawn failed: No error
WARNING: [filemgmt 56-199] Attempt to get parsing info during refresh. "On-the-fly" syntax checking information may be incorrect. [C:\Users\C27Grace.Kurian\ece281\LAB\lab5.copy\Lab-5\basic_cpu.srcs\sources_1\imports\src\sevenSegDecoder.vhd:]
WARNING: [filemgmt 56-199] Attempt to get parsing info during refresh. "On-the-fly" syntax checking information may be incorrect. [C:\Users\C27Grace.Kurian\ece281\LAB\lab5.copy\Lab-5\src\top_basys3.vhd:]
WARNING: [filemgmt 56-199] Attempt to get parsing info during refresh. "On-the-fly" syntax checking information may be incorrect. [C:\Users\C27Grace.Kurian\ece281\LAB\lab5.copy\Lab-5\src\TDM4.vhd:]
WARNING: [filemgmt 56-199] Attempt to get parsing info during refresh. "On-the-fly" syntax checking information may be incorrect. [C:\Users\C27Grace.Kurian\ece281\LAB\lab5.copy\Lab-5\src\ALU.vhd:]
WARNING: [filemgmt 56-199] Attempt to get parsing info during refresh. "On-the-fly" syntax checking information may be incorrect. [C:\Users\C27Grace.Kurian\ece281\LAB\lab5.copy\Lab-5\src\top_basys3.vhd:]
WARNING: [filemgmt 56-199] Attempt to get parsing info during refresh. "On-the-fly" syntax checking information may be incorrect. [C:\Users\C27Grace.Kurian\ece281\LAB\lab5.copy\Lab-5\src\top_basys3.vhd:]
ERROR: [Common 17-180] Spawn failed: No error
close_hw_manager
WARNING: [filemgmt 56-199] Attempt to get parsing info during refresh. "On-the-fly" syntax checking information may be incorrect. [C:\Users\C27Grace.Kurian\ece281\LAB\lab5.copy\Lab-5\basic_cpu.srcs\sources_1\imports\src\sevenSegDecoder.vhd:]
WARNING: [filemgmt 56-199] Attempt to get parsing info during refresh. "On-the-fly" syntax checking information may be incorrect. [C:\Users\C27Grace.Kurian\ece281\LAB\lab5.copy\Lab-5\src\top_basys3.vhd:]
WARNING: [filemgmt 56-199] Attempt to get parsing info during refresh. "On-the-fly" syntax checking information may be incorrect. [C:\Users\C27Grace.Kurian\ece281\LAB\lab5.copy\Lab-5\src\TDM4.vhd:]
WARNING: [filemgmt 56-199] Attempt to get parsing info during refresh. "On-the-fly" syntax checking information may be incorrect. [C:\Users\C27Grace.Kurian\ece281\LAB\lab5.copy\Lab-5\src\ALU.vhd:]
WARNING: [filemgmt 56-199] Attempt to get parsing info during refresh. "On-the-fly" syntax checking information may be incorrect. [C:\Users\C27Grace.Kurian\ece281\LAB\lab5.copy\Lab-5\src\ALU.vhd:]
WARNING: [filemgmt 56-199] Attempt to get parsing info during refresh. "On-the-fly" syntax checking information may be incorrect. [C:\Users\C27Grace.Kurian\ece281\LAB\lab5.copy\Lab-5\src\ALU.vhd:]
WARNING: [filemgmt 56-199] Attempt to get parsing info during refresh. "On-the-fly" syntax checking information may be incorrect. [C:\Users\C27Grace.Kurian\ece281\LAB\lab5.copy\Lab-5\basic_cpu.srcs\sources_1\imports\src\sevenSegDecoder.vhd:]
WARNING: [filemgmt 56-199] Attempt to get parsing info during refresh. "On-the-fly" syntax checking information may be incorrect. [C:\Users\C27Grace.Kurian\ece281\LAB\lab5.copy\Lab-5\src\top_basys3.vhd:]
WARNING: [filemgmt 56-199] Attempt to get parsing info during refresh. "On-the-fly" syntax checking information may be incorrect. [C:\Users\C27Grace.Kurian\ece281\LAB\lab5.copy\Lab-5\src\TDM4.vhd:]
WARNING: [filemgmt 56-199] Attempt to get parsing info during refresh. "On-the-fly" syntax checking information may be incorrect. [C:\Users\C27Grace.Kurian\ece281\LAB\lab5.copy\Lab-5\src\ALU.vhd:]
WARNING: [filemgmt 56-199] Attempt to get parsing info during refresh. "On-the-fly" syntax checking information may be incorrect. [C:\Users\C27Grace.Kurian\ece281\LAB\lab5.copy\Lab-5\basic_cpu.srcs\sources_1\imports\src\sevenSegDecoder.vhd:]
WARNING: [filemgmt 56-199] Attempt to get parsing info during refresh. "On-the-fly" syntax checking information may be incorrect. [C:\Users\C27Grace.Kurian\ece281\LAB\lab5.copy\Lab-5\basic_cpu.srcs\sources_1\imports\src\sevenSegDecoder.vhd:]
ERROR: [Common 17-180] Spawn failed: No error
ERROR: [Common 17-180] Spawn failed: No error
reset_run synth_1
INFO: [Project 1-1161] Replacing file C:/Users/C27Grace.Kurian/ece281/LAB/lab5.copy/Lab-5/basic_cpu.srcs/utils_1/imports/synth_1/top_basys3.dcp with file C:/Users/C27Grace.Kurian/ece281/LAB/lab5.copy/Lab-5/basic_cpu.runs/synth_1/top_basys3.dcp
WARNING: [filemgmt 56-199] Attempt to get parsing info during refresh. "On-the-fly" syntax checking information may be incorrect. [C:\Users\C27Grace.Kurian\ece281\LAB\lab5.copy\Lab-5\basic_cpu.srcs\sources_1\imports\src\sevenSegDecoder.vhd:]
WARNING: [filemgmt 56-199] Attempt to get parsing info during refresh. "On-the-fly" syntax checking information may be incorrect. [C:\Users\C27Grace.Kurian\ece281\LAB\lab5.copy\Lab-5\src\top_basys3.vhd:]
WARNING: [filemgmt 56-199] Attempt to get parsing info during refresh. "On-the-fly" syntax checking information may be incorrect. [C:\Users\C27Grace.Kurian\ece281\LAB\lab5.copy\Lab-5\src\TDM4.vhd:]
WARNING: [filemgmt 56-199] Attempt to get parsing info during refresh. "On-the-fly" syntax checking information may be incorrect. [C:\Users\C27Grace.Kurian\ece281\LAB\lab5.copy\Lab-5\src\ALU.vhd:]
WARNING: [filemgmt 56-199] Attempt to get parsing info during refresh. "On-the-fly" syntax checking information may be incorrect. [C:\Users\C27Grace.Kurian\ece281\LAB\lab5.copy\Lab-5\src\ALU.vhd:]
WARNING: [filemgmt 56-199] Attempt to get parsing info during refresh. "On-the-fly" syntax checking information may be incorrect. [C:\Users\C27Grace.Kurian\ece281\LAB\lab5.copy\Lab-5\src\ALU.vhd:]
WARNING: [filemgmt 56-199] Attempt to get parsing info during refresh. "On-the-fly" syntax checking information may be incorrect. [C:\Users\C27Grace.Kurian\ece281\LAB\lab5.copy\Lab-5\basic_cpu.srcs\sources_1\imports\src\sevenSegDecoder.vhd:]
WARNING: [filemgmt 56-199] Attempt to get parsing info during refresh. "On-the-fly" syntax checking information may be incorrect. [C:\Users\C27Grace.Kurian\ece281\LAB\lab5.copy\Lab-5\src\top_basys3.vhd:]
WARNING: [filemgmt 56-199] Attempt to get parsing info during refresh. "On-the-fly" syntax checking information may be incorrect. [C:\Users\C27Grace.Kurian\ece281\LAB\lab5.copy\Lab-5\src\TDM4.vhd:]
WARNING: [filemgmt 56-199] Attempt to get parsing info during refresh. "On-the-fly" syntax checking information may be incorrect. [C:\Users\C27Grace.Kurian\ece281\LAB\lab5.copy\Lab-5\src\ALU.vhd:]
WARNING: [filemgmt 56-199] Attempt to get parsing info during refresh. "On-the-fly" syntax checking information may be incorrect. [C:\Users\C27Grace.Kurian\ece281\LAB\lab5.copy\Lab-5\basic_cpu.srcs\sources_1\imports\src\sevenSegDecoder.vhd:]
WARNING: [filemgmt 56-199] Attempt to get parsing info during refresh. "On-the-fly" syntax checking information may be incorrect. [C:\Users\C27Grace.Kurian\ece281\LAB\lab5.copy\Lab-5\basic_cpu.srcs\sources_1\imports\src\sevenSegDecoder.vhd:]
ERROR: [Common 17-180] Spawn failed: No error
WARNING: [filemgmt 56-199] Attempt to get parsing info during refresh. "On-the-fly" syntax checking information may be incorrect. [C:\Users\C27Grace.Kurian\ece281\LAB\lab5.copy\Lab-5\basic_cpu.srcs\sources_1\imports\src\sevenSegDecoder.vhd:]
WARNING: [filemgmt 56-199] Attempt to get parsing info during refresh. "On-the-fly" syntax checking information may be incorrect. [C:\Users\C27Grace.Kurian\ece281\LAB\lab5.copy\Lab-5\src\top_basys3.vhd:]
WARNING: [filemgmt 56-199] Attempt to get parsing info during refresh. "On-the-fly" syntax checking information may be incorrect. [C:\Users\C27Grace.Kurian\ece281\LAB\lab5.copy\Lab-5\src\TDM4.vhd:]
WARNING: [filemgmt 56-199] Attempt to get parsing info during refresh. "On-the-fly" syntax checking information may be incorrect. [C:\Users\C27Grace.Kurian\ece281\LAB\lab5.copy\Lab-5\src\ALU.vhd:]
WARNING: [filemgmt 56-199] Attempt to get parsing info during refresh. "On-the-fly" syntax checking information may be incorrect. [C:\Users\C27Grace.Kurian\ece281\LAB\lab5.copy\Lab-5\src\top_basys3.vhd:]
WARNING: [filemgmt 56-199] Attempt to get parsing info during refresh. "On-the-fly" syntax checking information may be incorrect. [C:\Users\C27Grace.Kurian\ece281\LAB\lab5.copy\Lab-5\src\top_basys3.vhd:]
ERROR: [Common 17-180] Spawn failed: No error
launch_runs impl_1 -to_step write_bitstream -jobs 8
[Mon May  5 13:57:46 2025] Launched synth_1...
Run output will be captured here: C:/Users/C27Grace.Kurian/ece281/LAB/lab5.copy/Lab-5/basic_cpu.runs/synth_1/runme.log
[Mon May  5 13:57:46 2025] Launched impl_1...
Run output will be captured here: C:/Users/C27Grace.Kurian/ece281/LAB/lab5.copy/Lab-5/basic_cpu.runs/impl_1/runme.log
open_hw_manager
connect_hw_server -allow_non_jtag
INFO: [Labtools 27-2285] Connecting to hw_server url TCP:localhost:3121
INFO: [Labtools 27-2222] Launching hw_server...
INFO: [Labtools 27-2221] Launch Output:

****** Xilinx hw_server v2024.2
  **** Build date : Oct 29 2024 at 10:25:41
    ** Copyright 1986-2022 Xilinx, Inc. All Rights Reserved.


INFO: [Labtools 27-3415] Connecting to cs_server url TCP:localhost:0
INFO: [Labtools 27-3417] Launching cs_server...
INFO: [Labtools 27-2221] Launch Output:


******** Xilinx cs_server v2024.2.0
  ****** Build date   : Oct 30 2024-12:19:07
    **** Build number : 2024.2.1730312347
      ** Copyright 2017-2022 Xilinx, Inc. All Rights Reserved.
      ** Copyright 2022-2025 Advanced Micro Devices, Inc. All Rights Reserved.



connect_hw_server: Time (s): cpu = 00:00:00 ; elapsed = 00:00:23 . Memory (MB): peak = 1264.832 ; gain = 0.000
open_hw_target
INFO: [Labtoolstcl 44-466] Opening hw_target localhost:3121/xilinx_tcf/Digilent/210183AF2979A
current_hw_device [get_hw_devices xc7a35t_0]
refresh_hw_device -update_hw_probes false [lindex [get_hw_devices xc7a35t_0] 0]
INFO: [Labtools 27-1434] Device xc7a35t (JTAG device index = 0) is programmed with a design that has no supported debug core(s) in it.
refresh_hw_device [lindex [get_hw_devices xc7a35t_0] 0]
INFO: [Labtools 27-1434] Device xc7a35t (JTAG device index = 0) is programmed with a design that has no supported debug core(s) in it.
ERROR: [Labtoolstcl 44-513] HW Target shutdown. Closing target: localhost:3121/xilinx_tcf/Digilent/210183AF2979A
INFO: [Labtoolstcl 44-466] Opening hw_target localhost:3121/xilinx_tcf/Digilent/210183AF2979A
INFO: [Labtools 27-1434] Device xc7a35t (JTAG device index = 0) is programmed with a design that has no supported debug core(s) in it.
WARNING: [Labtoolstcl 44-129] No matching hw_ila_data was found.
set_property PROBES.FILE {} [get_hw_devices xc7a35t_0]
set_property FULL_PROBES.FILE {} [get_hw_devices xc7a35t_0]
set_property PROGRAM.FILE {C:/Users/C27Grace.Kurian/ece281/LAB/lab5.copy/Lab-5/basic_cpu.runs/impl_1/top_basys3.bit} [get_hw_devices xc7a35t_0]
program_hw_devices [get_hw_devices xc7a35t_0]
INFO: [Labtools 27-3164] End of startup status: HIGH
refresh_hw_device [lindex [get_hw_devices xc7a35t_0] 0]
INFO: [Labtools 27-1434] Device xc7a35t (JTAG device index = 0) is programmed with a design that has no supported debug core(s) in it.
WARNING: [filemgmt 56-199] Attempt to get parsing info during refresh. "On-the-fly" syntax checking information may be incorrect. [C:\Users\C27Grace.Kurian\ece281\LAB\lab5.copy\Lab-5\basic_cpu.srcs\sources_1\imports\src\sevenSegDecoder.vhd:]
WARNING: [filemgmt 56-199] Attempt to get parsing info during refresh. "On-the-fly" syntax checking information may be incorrect. [C:\Users\C27Grace.Kurian\ece281\LAB\lab5.copy\Lab-5\src\top_basys3.vhd:]
WARNING: [filemgmt 56-199] Attempt to get parsing info during refresh. "On-the-fly" syntax checking information may be incorrect. [C:\Users\C27Grace.Kurian\ece281\LAB\lab5.copy\Lab-5\src\TDM4.vhd:]
WARNING: [filemgmt 56-199] Attempt to get parsing info during refresh. "On-the-fly" syntax checking information may be incorrect. [C:\Users\C27Grace.Kurian\ece281\LAB\lab5.copy\Lab-5\src\ALU.vhd:]
WARNING: [filemgmt 56-199] Attempt to get parsing info during refresh. "On-the-fly" syntax checking information may be incorrect. [C:\Users\C27Grace.Kurian\ece281\LAB\lab5.copy\Lab-5\src\ALU.vhd:]
WARNING: [filemgmt 56-199] Attempt to get parsing info during refresh. "On-the-fly" syntax checking information may be incorrect. [C:\Users\C27Grace.Kurian\ece281\LAB\lab5.copy\Lab-5\src\ALU.vhd:]
WARNING: [filemgmt 56-199] Attempt to get parsing info during refresh. "On-the-fly" syntax checking information may be incorrect. [C:\Users\C27Grace.Kurian\ece281\LAB\lab5.copy\Lab-5\basic_cpu.srcs\sources_1\imports\src\sevenSegDecoder.vhd:]
WARNING: [filemgmt 56-199] Attempt to get parsing info during refresh. "On-the-fly" syntax checking information may be incorrect. [C:\Users\C27Grace.Kurian\ece281\LAB\lab5.copy\Lab-5\src\top_basys3.vhd:]
WARNING: [filemgmt 56-199] Attempt to get parsing info during refresh. "On-the-fly" syntax checking information may be incorrect. [C:\Users\C27Grace.Kurian\ece281\LAB\lab5.copy\Lab-5\src\TDM4.vhd:]
WARNING: [filemgmt 56-199] Attempt to get parsing info during refresh. "On-the-fly" syntax checking information may be incorrect. [C:\Users\C27Grace.Kurian\ece281\LAB\lab5.copy\Lab-5\src\ALU.vhd:]
WARNING: [filemgmt 56-199] Attempt to get parsing info during refresh. "On-the-fly" syntax checking information may be incorrect. [C:\Users\C27Grace.Kurian\ece281\LAB\lab5.copy\Lab-5\basic_cpu.srcs\sources_1\imports\src\sevenSegDecoder.vhd:]
WARNING: [filemgmt 56-199] Attempt to get parsing info during refresh. "On-the-fly" syntax checking information may be incorrect. [C:\Users\C27Grace.Kurian\ece281\LAB\lab5.copy\Lab-5\basic_cpu.srcs\sources_1\imports\src\sevenSegDecoder.vhd:]
ERROR: [Common 17-180] Spawn failed: No error
WARNING: [filemgmt 56-199] Attempt to get parsing info during refresh. "On-the-fly" syntax checking information may be incorrect. [C:\Users\C27Grace.Kurian\ece281\LAB\lab5.copy\Lab-5\basic_cpu.srcs\sources_1\imports\src\sevenSegDecoder.vhd:]
WARNING: [filemgmt 56-199] Attempt to get parsing info during refresh. "On-the-fly" syntax checking information may be incorrect. [C:\Users\C27Grace.Kurian\ece281\LAB\lab5.copy\Lab-5\src\top_basys3.vhd:]
WARNING: [filemgmt 56-199] Attempt to get parsing info during refresh. "On-the-fly" syntax checking information may be incorrect. [C:\Users\C27Grace.Kurian\ece281\LAB\lab5.copy\Lab-5\src\TDM4.vhd:]
WARNING: [filemgmt 56-199] Attempt to get parsing info during refresh. "On-the-fly" syntax checking information may be incorrect. [C:\Users\C27Grace.Kurian\ece281\LAB\lab5.copy\Lab-5\src\ALU.vhd:]
WARNING: [filemgmt 56-199] Attempt to get parsing info during refresh. "On-the-fly" syntax checking information may be incorrect. [C:\Users\C27Grace.Kurian\ece281\LAB\lab5.copy\Lab-5\src\TDM4.vhd:]
WARNING: [filemgmt 56-199] Attempt to get parsing info during refresh. "On-the-fly" syntax checking information may be incorrect. [C:\Users\C27Grace.Kurian\ece281\LAB\lab5.copy\Lab-5\src\TDM4.vhd:]
ERROR: [Common 17-180] Spawn failed: No error
reset_run synth_1
INFO: [Project 1-1161] Replacing file C:/Users/C27Grace.Kurian/ece281/LAB/lab5.copy/Lab-5/basic_cpu.srcs/utils_1/imports/synth_1/top_basys3.dcp with file C:/Users/C27Grace.Kurian/ece281/LAB/lab5.copy/Lab-5/basic_cpu.runs/synth_1/top_basys3.dcp
WARNING: [filemgmt 56-199] Attempt to get parsing info during refresh. "On-the-fly" syntax checking information may be incorrect. [C:\Users\C27Grace.Kurian\ece281\LAB\lab5.copy\Lab-5\basic_cpu.srcs\sources_1\imports\src\sevenSegDecoder.vhd:]
WARNING: [filemgmt 56-199] Attempt to get parsing info during refresh. "On-the-fly" syntax checking information may be incorrect. [C:\Users\C27Grace.Kurian\ece281\LAB\lab5.copy\Lab-5\src\top_basys3.vhd:]
WARNING: [filemgmt 56-199] Attempt to get parsing info during refresh. "On-the-fly" syntax checking information may be incorrect. [C:\Users\C27Grace.Kurian\ece281\LAB\lab5.copy\Lab-5\src\TDM4.vhd:]
WARNING: [filemgmt 56-199] Attempt to get parsing info during refresh. "On-the-fly" syntax checking information may be incorrect. [C:\Users\C27Grace.Kurian\ece281\LAB\lab5.copy\Lab-5\src\ALU.vhd:]
WARNING: [filemgmt 56-199] Attempt to get parsing info during refresh. "On-the-fly" syntax checking information may be incorrect. [C:\Users\C27Grace.Kurian\ece281\LAB\lab5.copy\Lab-5\src\TDM4.vhd:]
WARNING: [filemgmt 56-199] Attempt to get parsing info during refresh. "On-the-fly" syntax checking information may be incorrect. [C:\Users\C27Grace.Kurian\ece281\LAB\lab5.copy\Lab-5\src\TDM4.vhd:]
WARNING: [filemgmt 56-199] Attempt to get parsing info during refresh. "On-the-fly" syntax checking information may be incorrect. [C:\Users\C27Grace.Kurian\ece281\LAB\lab5.copy\Lab-5\basic_cpu.srcs\sources_1\imports\src\sevenSegDecoder.vhd:]
WARNING: [filemgmt 56-199] Attempt to get parsing info during refresh. "On-the-fly" syntax checking information may be incorrect. [C:\Users\C27Grace.Kurian\ece281\LAB\lab5.copy\Lab-5\src\top_basys3.vhd:]
WARNING: [filemgmt 56-199] Attempt to get parsing info during refresh. "On-the-fly" syntax checking information may be incorrect. [C:\Users\C27Grace.Kurian\ece281\LAB\lab5.copy\Lab-5\src\TDM4.vhd:]
WARNING: [filemgmt 56-199] Attempt to get parsing info during refresh. "On-the-fly" syntax checking information may be incorrect. [C:\Users\C27Grace.Kurian\ece281\LAB\lab5.copy\Lab-5\src\ALU.vhd:]
WARNING: [filemgmt 56-199] Attempt to get parsing info during refresh. "On-the-fly" syntax checking information may be incorrect. [C:\Users\C27Grace.Kurian\ece281\LAB\lab5.copy\Lab-5\src\ALU.vhd:]
WARNING: [filemgmt 56-199] Attempt to get parsing info during refresh. "On-the-fly" syntax checking information may be incorrect. [C:\Users\C27Grace.Kurian\ece281\LAB\lab5.copy\Lab-5\src\ALU.vhd:]
WARNING: [filemgmt 56-199] Attempt to get parsing info during refresh. "On-the-fly" syntax checking information may be incorrect. [C:\Users\C27Grace.Kurian\ece281\LAB\lab5.copy\Lab-5\basic_cpu.srcs\sources_1\imports\src\sevenSegDecoder.vhd:]
WARNING: [filemgmt 56-199] Attempt to get parsing info during refresh. "On-the-fly" syntax checking information may be incorrect. [C:\Users\C27Grace.Kurian\ece281\LAB\lab5.copy\Lab-5\src\top_basys3.vhd:]
WARNING: [filemgmt 56-199] Attempt to get parsing info during refresh. "On-the-fly" syntax checking information may be incorrect. [C:\Users\C27Grace.Kurian\ece281\LAB\lab5.copy\Lab-5\src\TDM4.vhd:]
WARNING: [filemgmt 56-199] Attempt to get parsing info during refresh. "On-the-fly" syntax checking information may be incorrect. [C:\Users\C27Grace.Kurian\ece281\LAB\lab5.copy\Lab-5\src\ALU.vhd:]
WARNING: [filemgmt 56-199] Attempt to get parsing info during refresh. "On-the-fly" syntax checking information may be incorrect. [C:\Users\C27Grace.Kurian\ece281\LAB\lab5.copy\Lab-5\basic_cpu.srcs\sources_1\imports\src\sevenSegDecoder.vhd:]
WARNING: [filemgmt 56-199] Attempt to get parsing info during refresh. "On-the-fly" syntax checking information may be incorrect. [C:\Users\C27Grace.Kurian\ece281\LAB\lab5.copy\Lab-5\basic_cpu.srcs\sources_1\imports\src\sevenSegDecoder.vhd:]
launch_runs impl_1 -to_step write_bitstream -jobs 8
[Mon May  5 14:09:23 2025] Launched synth_1...
Run output will be captured here: C:/Users/C27Grace.Kurian/ece281/LAB/lab5.copy/Lab-5/basic_cpu.runs/synth_1/runme.log
[Mon May  5 14:09:23 2025] Launched impl_1...
Run output will be captured here: C:/Users/C27Grace.Kurian/ece281/LAB/lab5.copy/Lab-5/basic_cpu.runs/impl_1/runme.log
ERROR: [Common 17-180] Spawn failed: No error
set_property PROBES.FILE {} [get_hw_devices xc7a35t_0]
set_property FULL_PROBES.FILE {} [get_hw_devices xc7a35t_0]
set_property PROGRAM.FILE {C:/Users/C27Grace.Kurian/ece281/LAB/lab5.copy/Lab-5/basic_cpu.runs/impl_1/top_basys3.bit} [get_hw_devices xc7a35t_0]
program_hw_devices [get_hw_devices xc7a35t_0]
INFO: [Labtools 27-3164] End of startup status: HIGH
refresh_hw_device [lindex [get_hw_devices xc7a35t_0] 0]
INFO: [Labtools 27-1434] Device xc7a35t (JTAG device index = 0) is programmed with a design that has no supported debug core(s) in it.
WARNING: [filemgmt 56-199] Attempt to get parsing info during refresh. "On-the-fly" syntax checking information may be incorrect. [C:\Users\C27Grace.Kurian\ece281\LAB\lab5.copy\Lab-5\basic_cpu.srcs\sources_1\imports\src\sevenSegDecoder.vhd:]
WARNING: [filemgmt 56-199] Attempt to get parsing info during refresh. "On-the-fly" syntax checking information may be incorrect. [C:\Users\C27Grace.Kurian\ece281\LAB\lab5.copy\Lab-5\src\top_basys3.vhd:]
WARNING: [filemgmt 56-199] Attempt to get parsing info during refresh. "On-the-fly" syntax checking information may be incorrect. [C:\Users\C27Grace.Kurian\ece281\LAB\lab5.copy\Lab-5\src\TDM4.vhd:]
WARNING: [filemgmt 56-199] Attempt to get parsing info during refresh. "On-the-fly" syntax checking information may be incorrect. [C:\Users\C27Grace.Kurian\ece281\LAB\lab5.copy\Lab-5\src\ALU.vhd:]
WARNING: [filemgmt 56-199] Attempt to get parsing info during refresh. "On-the-fly" syntax checking information may be incorrect. [C:\Users\C27Grace.Kurian\ece281\LAB\lab5.copy\Lab-5\src\ALU.vhd:]
WARNING: [filemgmt 56-199] Attempt to get parsing info during refresh. "On-the-fly" syntax checking information may be incorrect. [C:\Users\C27Grace.Kurian\ece281\LAB\lab5.copy\Lab-5\src\ALU.vhd:]
WARNING: [filemgmt 56-199] Attempt to get parsing info during refresh. "On-the-fly" syntax checking information may be incorrect. [C:\Users\C27Grace.Kurian\ece281\LAB\lab5.copy\Lab-5\basic_cpu.srcs\sources_1\imports\src\sevenSegDecoder.vhd:]
WARNING: [filemgmt 56-199] Attempt to get parsing info during refresh. "On-the-fly" syntax checking information may be incorrect. [C:\Users\C27Grace.Kurian\ece281\LAB\lab5.copy\Lab-5\src\top_basys3.vhd:]
WARNING: [filemgmt 56-199] Attempt to get parsing info during refresh. "On-the-fly" syntax checking information may be incorrect. [C:\Users\C27Grace.Kurian\ece281\LAB\lab5.copy\Lab-5\src\TDM4.vhd:]
WARNING: [filemgmt 56-199] Attempt to get parsing info during refresh. "On-the-fly" syntax checking information may be incorrect. [C:\Users\C27Grace.Kurian\ece281\LAB\lab5.copy\Lab-5\src\ALU.vhd:]
WARNING: [filemgmt 56-199] Attempt to get parsing info during refresh. "On-the-fly" syntax checking information may be incorrect. [C:\Users\C27Grace.Kurian\ece281\LAB\lab5.copy\Lab-5\basic_cpu.srcs\sources_1\imports\src\sevenSegDecoder.vhd:]
WARNING: [filemgmt 56-199] Attempt to get parsing info during refresh. "On-the-fly" syntax checking information may be incorrect. [C:\Users\C27Grace.Kurian\ece281\LAB\lab5.copy\Lab-5\basic_cpu.srcs\sources_1\imports\src\sevenSegDecoder.vhd:]
reset_run impl_1 -prev_step 
launch_runs impl_1 -to_step write_bitstream -jobs 8
ERROR: [Common 17-180] Spawn failed: No error
WARNING: [filemgmt 56-199] Attempt to get parsing info during refresh. "On-the-fly" syntax checking information may be incorrect. [C:\Users\C27Grace.Kurian\ece281\LAB\lab5.copy\Lab-5\basic_cpu.srcs\sources_1\imports\src\sevenSegDecoder.vhd:]
WARNING: [filemgmt 56-199] Attempt to get parsing info during refresh. "On-the-fly" syntax checking information may be incorrect. [C:\Users\C27Grace.Kurian\ece281\LAB\lab5.copy\Lab-5\src\top_basys3.vhd:]
WARNING: [filemgmt 56-199] Attempt to get parsing info during refresh. "On-the-fly" syntax checking information may be incorrect. [C:\Users\C27Grace.Kurian\ece281\LAB\lab5.copy\Lab-5\src\TDM4.vhd:]
WARNING: [filemgmt 56-199] Attempt to get parsing info during refresh. "On-the-fly" syntax checking information may be incorrect. [C:\Users\C27Grace.Kurian\ece281\LAB\lab5.copy\Lab-5\src\ALU.vhd:]
WARNING: [filemgmt 56-199] Attempt to get parsing info during refresh. "On-the-fly" syntax checking information may be incorrect. [C:\Users\C27Grace.Kurian\ece281\LAB\lab5.copy\Lab-5\src\top_basys3.vhd:]
WARNING: [filemgmt 56-199] Attempt to get parsing info during refresh. "On-the-fly" syntax checking information may be incorrect. [C:\Users\C27Grace.Kurian\ece281\LAB\lab5.copy\Lab-5\src\top_basys3.vhd:]
ERROR: [Common 17-180] Spawn failed: No error
[Mon May  5 14:16:35 2025] Launched impl_1...
Run output will be captured here: C:/Users/C27Grace.Kurian/ece281/LAB/lab5.copy/Lab-5/basic_cpu.runs/impl_1/runme.log
ERROR: [Common 17-39] 'launch_runs' failed due to earlier errors.
reset_run synth_1
WARNING: [Vivado 12-1017] Problems encountered:
1. Couldn't access process for termination

launch_runs impl_1 -to_step write_bitstream -jobs 8
[Mon May  5 14:16:44 2025] Launched impl_1...
Run output will be captured here: C:/Users/C27Grace.Kurian/ece281/LAB/lab5.copy/Lab-5/basic_cpu.runs/impl_1/runme.log
set_property PROBES.FILE {} [get_hw_devices xc7a35t_0]
set_property FULL_PROBES.FILE {} [get_hw_devices xc7a35t_0]
set_property PROGRAM.FILE {C:/Users/C27Grace.Kurian/ece281/LAB/lab5.copy/Lab-5/basic_cpu.runs/impl_1/top_basys3.bit} [get_hw_devices xc7a35t_0]
program_hw_devices [get_hw_devices xc7a35t_0]
INFO: [Labtools 27-3164] End of startup status: HIGH
refresh_hw_device [lindex [get_hw_devices xc7a35t_0] 0]
INFO: [Labtools 27-1434] Device xc7a35t (JTAG device index = 0) is programmed with a design that has no supported debug core(s) in it.
close_hw_manager
WARNING: [filemgmt 56-199] Attempt to get parsing info during refresh. "On-the-fly" syntax checking information may be incorrect. [C:\Users\C27Grace.Kurian\ece281\LAB\lab5.copy\Lab-5\src\twoscomp_decimal.vhd:]
WARNING: [filemgmt 56-199] Attempt to get parsing info during refresh. "On-the-fly" syntax checking information may be incorrect. [C:\Users\C27Grace.Kurian\ece281\LAB\lab5.copy\Lab-5\basic_cpu.srcs\sources_1\imports\src\sevenSegDecoder.vhd:]
WARNING: [filemgmt 56-199] Attempt to get parsing info during refresh. "On-the-fly" syntax checking information may be incorrect. [C:\Users\C27Grace.Kurian\ece281\LAB\lab5.copy\Lab-5\src\top_basys3.vhd:]
WARNING: [filemgmt 56-199] Attempt to get parsing info during refresh. "On-the-fly" syntax checking information may be incorrect. [C:\Users\C27Grace.Kurian\ece281\LAB\lab5.copy\Lab-5\src\TDM4.vhd:]
WARNING: [filemgmt 56-199] Attempt to get parsing info during refresh. "On-the-fly" syntax checking information may be incorrect. [C:\Users\C27Grace.Kurian\ece281\LAB\lab5.copy\Lab-5\src\ALU.vhd:]
WARNING: [filemgmt 56-199] Attempt to get parsing info during refresh. "On-the-fly" syntax checking information may be incorrect. [C:\Users\C27Grace.Kurian\ece281\LAB\lab5.copy\Lab-5\src\ALU.vhd:]
WARNING: [filemgmt 56-199] Attempt to get parsing info during refresh. "On-the-fly" syntax checking information may be incorrect. [C:\Users\C27Grace.Kurian\ece281\LAB\lab5.copy\Lab-5\src\ALU.vhd:]
WARNING: [filemgmt 56-199] Attempt to get parsing info during refresh. "On-the-fly" syntax checking information may be incorrect. [C:\Users\C27Grace.Kurian\ece281\LAB\lab5.copy\Lab-5\src\twoscomp_decimal.vhd:]
WARNING: [filemgmt 56-199] Attempt to get parsing info during refresh. "On-the-fly" syntax checking information may be incorrect. [C:\Users\C27Grace.Kurian\ece281\LAB\lab5.copy\Lab-5\basic_cpu.srcs\sources_1\imports\src\sevenSegDecoder.vhd:]
WARNING: [filemgmt 56-199] Attempt to get parsing info during refresh. "On-the-fly" syntax checking information may be incorrect. [C:\Users\C27Grace.Kurian\ece281\LAB\lab5.copy\Lab-5\src\top_basys3.vhd:]
WARNING: [filemgmt 56-199] Attempt to get parsing info during refresh. "On-the-fly" syntax checking information may be incorrect. [C:\Users\C27Grace.Kurian\ece281\LAB\lab5.copy\Lab-5\src\TDM4.vhd:]
WARNING: [filemgmt 56-199] Attempt to get parsing info during refresh. "On-the-fly" syntax checking information may be incorrect. [C:\Users\C27Grace.Kurian\ece281\LAB\lab5.copy\Lab-5\src\ALU.vhd:]
WARNING: [filemgmt 56-199] Attempt to get parsing info during refresh. "On-the-fly" syntax checking information may be incorrect. [C:\Users\C27Grace.Kurian\ece281\LAB\lab5.copy\Lab-5\basic_cpu.srcs\sources_1\imports\src\sevenSegDecoder.vhd:]
WARNING: [filemgmt 56-199] Attempt to get parsing info during refresh. "On-the-fly" syntax checking information may be incorrect. [C:\Users\C27Grace.Kurian\ece281\LAB\lab5.copy\Lab-5\basic_cpu.srcs\sources_1\imports\src\sevenSegDecoder.vhd:]
reset_run synth_1
INFO: [Project 1-1161] Replacing file C:/Users/C27Grace.Kurian/ece281/LAB/lab5.copy/Lab-5/basic_cpu.srcs/utils_1/imports/synth_1/top_basys3.dcp with file C:/Users/C27Grace.Kurian/ece281/LAB/lab5.copy/Lab-5/basic_cpu.runs/synth_1/top_basys3.dcp
WARNING: [filemgmt 56-199] Attempt to get parsing info during refresh. "On-the-fly" syntax checking information may be incorrect. [C:\Users\C27Grace.Kurian\ece281\LAB\lab5.copy\Lab-5\src\twoscomp_decimal.vhd:]
WARNING: [filemgmt 56-199] Attempt to get parsing info during refresh. "On-the-fly" syntax checking information may be incorrect. [C:\Users\C27Grace.Kurian\ece281\LAB\lab5.copy\Lab-5\basic_cpu.srcs\sources_1\imports\src\sevenSegDecoder.vhd:]
WARNING: [filemgmt 56-199] Attempt to get parsing info during refresh. "On-the-fly" syntax checking information may be incorrect. [C:\Users\C27Grace.Kurian\ece281\LAB\lab5.copy\Lab-5\src\top_basys3.vhd:]
WARNING: [filemgmt 56-199] Attempt to get parsing info during refresh. "On-the-fly" syntax checking information may be incorrect. [C:\Users\C27Grace.Kurian\ece281\LAB\lab5.copy\Lab-5\src\TDM4.vhd:]
WARNING: [filemgmt 56-199] Attempt to get parsing info during refresh. "On-the-fly" syntax checking information may be incorrect. [C:\Users\C27Grace.Kurian\ece281\LAB\lab5.copy\Lab-5\src\ALU.vhd:]
WARNING: [filemgmt 56-199] Attempt to get parsing info during refresh. "On-the-fly" syntax checking information may be incorrect. [C:\Users\C27Grace.Kurian\ece281\LAB\lab5.copy\Lab-5\src\TDM4.vhd:]
WARNING: [filemgmt 56-199] Attempt to get parsing info during refresh. "On-the-fly" syntax checking information may be incorrect. [C:\Users\C27Grace.Kurian\ece281\LAB\lab5.copy\Lab-5\src\TDM4.vhd:]
WARNING: [filemgmt 56-199] Attempt to get parsing info during refresh. "On-the-fly" syntax checking information may be incorrect. [C:\Users\C27Grace.Kurian\ece281\LAB\lab5.copy\Lab-5\src\twoscomp_decimal.vhd:]
launch_runs impl_1 -to_step write_bitstream -jobs 8
WARNING: [filemgmt 56-199] Attempt to get parsing info during refresh. "On-the-fly" syntax checking information may be incorrect. [C:\Users\C27Grace.Kurian\ece281\LAB\lab5.copy\Lab-5\src\twoscomp_decimal.vhd:]
WARNING: [filemgmt 56-199] Attempt to get parsing info during refresh. "On-the-fly" syntax checking information may be incorrect. [C:\Users\C27Grace.Kurian\ece281\LAB\lab5.copy\Lab-5\basic_cpu.srcs\sources_1\imports\src\sevenSegDecoder.vhd:]
WARNING: [filemgmt 56-199] Attempt to get parsing info during refresh. "On-the-fly" syntax checking information may be incorrect. [C:\Users\C27Grace.Kurian\ece281\LAB\lab5.copy\Lab-5\src\top_basys3.vhd:]
WARNING: [filemgmt 56-199] Attempt to get parsing info during refresh. "On-the-fly" syntax checking information may be incorrect. [C:\Users\C27Grace.Kurian\ece281\LAB\lab5.copy\Lab-5\src\TDM4.vhd:]
WARNING: [filemgmt 56-199] Attempt to get parsing info during refresh. "On-the-fly" syntax checking information may be incorrect. [C:\Users\C27Grace.Kurian\ece281\LAB\lab5.copy\Lab-5\src\ALU.vhd:]
WARNING: [filemgmt 56-199] Attempt to get parsing info during refresh. "On-the-fly" syntax checking information may be incorrect. [C:\Users\C27Grace.Kurian\ece281\LAB\lab5.copy\Lab-5\src\TDM4.vhd:]
WARNING: [filemgmt 56-199] Attempt to get parsing info during refresh. "On-the-fly" syntax checking information may be incorrect. [C:\Users\C27Grace.Kurian\ece281\LAB\lab5.copy\Lab-5\src\TDM4.vhd:]
WARNING: [filemgmt 56-199] Attempt to get parsing info during refresh. "On-the-fly" syntax checking information may be incorrect. [C:\Users\C27Grace.Kurian\ece281\LAB\lab5.copy\Lab-5\src\twoscomp_decimal.vhd:]
WARNING: [filemgmt 56-199] Attempt to get parsing info during refresh. "On-the-fly" syntax checking information may be incorrect. [C:\Users\C27Grace.Kurian\ece281\LAB\lab5.copy\Lab-5\basic_cpu.srcs\sources_1\imports\src\sevenSegDecoder.vhd:]
WARNING: [filemgmt 56-199] Attempt to get parsing info during refresh. "On-the-fly" syntax checking information may be incorrect. [C:\Users\C27Grace.Kurian\ece281\LAB\lab5.copy\Lab-5\src\top_basys3.vhd:]
WARNING: [filemgmt 56-199] Attempt to get parsing info during refresh. "On-the-fly" syntax checking information may be incorrect. [C:\Users\C27Grace.Kurian\ece281\LAB\lab5.copy\Lab-5\src\TDM4.vhd:]
WARNING: [filemgmt 56-199] Attempt to get parsing info during refresh. "On-the-fly" syntax checking information may be incorrect. [C:\Users\C27Grace.Kurian\ece281\LAB\lab5.copy\Lab-5\src\ALU.vhd:]
WARNING: [filemgmt 56-199] Attempt to get parsing info during refresh. "On-the-fly" syntax checking information may be incorrect. [C:\Users\C27Grace.Kurian\ece281\LAB\lab5.copy\Lab-5\src\ALU.vhd:]
WARNING: [filemgmt 56-199] Attempt to get parsing info during refresh. "On-the-fly" syntax checking information may be incorrect. [C:\Users\C27Grace.Kurian\ece281\LAB\lab5.copy\Lab-5\src\ALU.vhd:]
[Mon May  5 14:30:13 2025] Launched synth_1...
Run output will be captured here: C:/Users/C27Grace.Kurian/ece281/LAB/lab5.copy/Lab-5/basic_cpu.runs/synth_1/runme.log
[Mon May  5 14:30:13 2025] Launched impl_1...
Run output will be captured here: C:/Users/C27Grace.Kurian/ece281/LAB/lab5.copy/Lab-5/basic_cpu.runs/impl_1/runme.log
WARNING: [filemgmt 56-199] Attempt to get parsing info during refresh. "On-the-fly" syntax checking information may be incorrect. [C:\Users\C27Grace.Kurian\ece281\LAB\lab5.copy\Lab-5\src\twoscomp_decimal.vhd:]
WARNING: [filemgmt 56-199] Attempt to get parsing info during refresh. "On-the-fly" syntax checking information may be incorrect. [C:\Users\C27Grace.Kurian\ece281\LAB\lab5.copy\Lab-5\basic_cpu.srcs\sources_1\imports\src\sevenSegDecoder.vhd:]
WARNING: [filemgmt 56-199] Attempt to get parsing info during refresh. "On-the-fly" syntax checking information may be incorrect. [C:\Users\C27Grace.Kurian\ece281\LAB\lab5.copy\Lab-5\src\top_basys3.vhd:]
WARNING: [filemgmt 56-199] Attempt to get parsing info during refresh. "On-the-fly" syntax checking information may be incorrect. [C:\Users\C27Grace.Kurian\ece281\LAB\lab5.copy\Lab-5\src\TDM4.vhd:]
WARNING: [filemgmt 56-199] Attempt to get parsing info during refresh. "On-the-fly" syntax checking information may be incorrect. [C:\Users\C27Grace.Kurian\ece281\LAB\lab5.copy\Lab-5\src\ALU.vhd:]
WARNING: [filemgmt 56-199] Attempt to get parsing info during refresh. "On-the-fly" syntax checking information may be incorrect. [C:\Users\C27Grace.Kurian\ece281\LAB\lab5.copy\Lab-5\src\twoscomp_decimal.vhd:]
WARNING: [filemgmt 56-199] Attempt to get parsing info during refresh. "On-the-fly" syntax checking information may be incorrect. [C:\Users\C27Grace.Kurian\ece281\LAB\lab5.copy\Lab-5\src\twoscomp_decimal.vhd:]
WARNING: [filemgmt 56-199] Attempt to get parsing info during refresh. "On-the-fly" syntax checking information may be incorrect. [C:\Users\C27Grace.Kurian\ece281\LAB\lab5.copy\Lab-5\src\twoscomp_decimal.vhd:]
WARNING: [filemgmt 56-199] Attempt to get parsing info during refresh. "On-the-fly" syntax checking information may be incorrect. [C:\Users\C27Grace.Kurian\ece281\LAB\lab5.copy\Lab-5\basic_cpu.srcs\sources_1\imports\src\sevenSegDecoder.vhd:]
WARNING: [filemgmt 56-199] Attempt to get parsing info during refresh. "On-the-fly" syntax checking information may be incorrect. [C:\Users\C27Grace.Kurian\ece281\LAB\lab5.copy\Lab-5\src\top_basys3.vhd:]
WARNING: [filemgmt 56-199] Attempt to get parsing info during refresh. "On-the-fly" syntax checking information may be incorrect. [C:\Users\C27Grace.Kurian\ece281\LAB\lab5.copy\Lab-5\src\TDM4.vhd:]
WARNING: [filemgmt 56-199] Attempt to get parsing info during refresh. "On-the-fly" syntax checking information may be incorrect. [C:\Users\C27Grace.Kurian\ece281\LAB\lab5.copy\Lab-5\src\ALU.vhd:]
WARNING: [filemgmt 56-199] Attempt to get parsing info during refresh. "On-the-fly" syntax checking information may be incorrect. [C:\Users\C27Grace.Kurian\ece281\LAB\lab5.copy\Lab-5\basic_cpu.srcs\sources_1\imports\src\sevenSegDecoder.vhd:]
WARNING: [filemgmt 56-199] Attempt to get parsing info during refresh. "On-the-fly" syntax checking information may be incorrect. [C:\Users\C27Grace.Kurian\ece281\LAB\lab5.copy\Lab-5\basic_cpu.srcs\sources_1\imports\src\sevenSegDecoder.vhd:]
WARNING: [filemgmt 56-199] Attempt to get parsing info during refresh. "On-the-fly" syntax checking information may be incorrect. [C:\Users\C27Grace.Kurian\ece281\LAB\lab5.copy\Lab-5\src\twoscomp_decimal.vhd:]
WARNING: [filemgmt 56-199] Attempt to get parsing info during refresh. "On-the-fly" syntax checking information may be incorrect. [C:\Users\C27Grace.Kurian\ece281\LAB\lab5.copy\Lab-5\basic_cpu.srcs\sources_1\imports\src\sevenSegDecoder.vhd:]
WARNING: [filemgmt 56-199] Attempt to get parsing info during refresh. "On-the-fly" syntax checking information may be incorrect. [C:\Users\C27Grace.Kurian\ece281\LAB\lab5.copy\Lab-5\src\top_basys3.vhd:]
WARNING: [filemgmt 56-199] Attempt to get parsing info during refresh. "On-the-fly" syntax checking information may be incorrect. [C:\Users\C27Grace.Kurian\ece281\LAB\lab5.copy\Lab-5\src\TDM4.vhd:]
WARNING: [filemgmt 56-199] Attempt to get parsing info during refresh. "On-the-fly" syntax checking information may be incorrect. [C:\Users\C27Grace.Kurian\ece281\LAB\lab5.copy\Lab-5\src\ALU.vhd:]
WARNING: [filemgmt 56-199] Attempt to get parsing info during refresh. "On-the-fly" syntax checking information may be incorrect. [C:\Users\C27Grace.Kurian\ece281\LAB\lab5.copy\Lab-5\src\ALU.vhd:]
WARNING: [filemgmt 56-199] Attempt to get parsing info during refresh. "On-the-fly" syntax checking information may be incorrect. [C:\Users\C27Grace.Kurian\ece281\LAB\lab5.copy\Lab-5\src\ALU.vhd:]
WARNING: [filemgmt 56-199] Attempt to get parsing info during refresh. "On-the-fly" syntax checking information may be incorrect. [C:\Users\C27Grace.Kurian\ece281\LAB\lab5.copy\Lab-5\src\twoscomp_decimal.vhd:]
WARNING: [filemgmt 56-199] Attempt to get parsing info during refresh. "On-the-fly" syntax checking information may be incorrect. [C:\Users\C27Grace.Kurian\ece281\LAB\lab5.copy\Lab-5\basic_cpu.srcs\sources_1\imports\src\sevenSegDecoder.vhd:]
WARNING: [filemgmt 56-199] Attempt to get parsing info during refresh. "On-the-fly" syntax checking information may be incorrect. [C:\Users\C27Grace.Kurian\ece281\LAB\lab5.copy\Lab-5\src\top_basys3.vhd:]
WARNING: [filemgmt 56-199] Attempt to get parsing info during refresh. "On-the-fly" syntax checking information may be incorrect. [C:\Users\C27Grace.Kurian\ece281\LAB\lab5.copy\Lab-5\src\TDM4.vhd:]
WARNING: [filemgmt 56-199] Attempt to get parsing info during refresh. "On-the-fly" syntax checking information may be incorrect. [C:\Users\C27Grace.Kurian\ece281\LAB\lab5.copy\Lab-5\src\ALU.vhd:]
WARNING: [filemgmt 56-199] Attempt to get parsing info during refresh. "On-the-fly" syntax checking information may be incorrect. [C:\Users\C27Grace.Kurian\ece281\LAB\lab5.copy\Lab-5\src\twoscomp_decimal.vhd:]
WARNING: [filemgmt 56-199] Attempt to get parsing info during refresh. "On-the-fly" syntax checking information may be incorrect. [C:\Users\C27Grace.Kurian\ece281\LAB\lab5.copy\Lab-5\src\twoscomp_decimal.vhd:]
WARNING: [filemgmt 56-199] Attempt to get parsing info during refresh. "On-the-fly" syntax checking information may be incorrect. [C:\Users\C27Grace.Kurian\ece281\LAB\lab5.copy\Lab-5\src\twoscomp_decimal.vhd:]
WARNING: [filemgmt 56-199] Attempt to get parsing info during refresh. "On-the-fly" syntax checking information may be incorrect. [C:\Users\C27Grace.Kurian\ece281\LAB\lab5.copy\Lab-5\basic_cpu.srcs\sources_1\imports\src\sevenSegDecoder.vhd:]
WARNING: [filemgmt 56-199] Attempt to get parsing info during refresh. "On-the-fly" syntax checking information may be incorrect. [C:\Users\C27Grace.Kurian\ece281\LAB\lab5.copy\Lab-5\src\top_basys3.vhd:]
WARNING: [filemgmt 56-199] Attempt to get parsing info during refresh. "On-the-fly" syntax checking information may be incorrect. [C:\Users\C27Grace.Kurian\ece281\LAB\lab5.copy\Lab-5\src\TDM4.vhd:]
WARNING: [filemgmt 56-199] Attempt to get parsing info during refresh. "On-the-fly" syntax checking information may be incorrect. [C:\Users\C27Grace.Kurian\ece281\LAB\lab5.copy\Lab-5\src\ALU.vhd:]
WARNING: [filemgmt 56-199] Attempt to get parsing info during refresh. "On-the-fly" syntax checking information may be incorrect. [C:\Users\C27Grace.Kurian\ece281\LAB\lab5.copy\Lab-5\basic_cpu.srcs\sources_1\imports\src\sevenSegDecoder.vhd:]
WARNING: [filemgmt 56-199] Attempt to get parsing info during refresh. "On-the-fly" syntax checking information may be incorrect. [C:\Users\C27Grace.Kurian\ece281\LAB\lab5.copy\Lab-5\basic_cpu.srcs\sources_1\imports\src\sevenSegDecoder.vhd:]
reset_run synth_1
ERROR: [Common 17-180] Spawn failed: No error
WARNING: [filemgmt 56-199] Attempt to get parsing info during refresh. "On-the-fly" syntax checking information may be incorrect. [C:\Users\C27Grace.Kurian\ece281\LAB\lab5.copy\Lab-5\src\twoscomp_decimal.vhd:]
WARNING: [filemgmt 56-199] Attempt to get parsing info during refresh. "On-the-fly" syntax checking information may be incorrect. [C:\Users\C27Grace.Kurian\ece281\LAB\lab5.copy\Lab-5\basic_cpu.srcs\sources_1\imports\src\sevenSegDecoder.vhd:]
WARNING: [filemgmt 56-199] Attempt to get parsing info during refresh. "On-the-fly" syntax checking information may be incorrect. [C:\Users\C27Grace.Kurian\ece281\LAB\lab5.copy\Lab-5\src\top_basys3.vhd:]
WARNING: [filemgmt 56-199] Attempt to get parsing info during refresh. "On-the-fly" syntax checking information may be incorrect. [C:\Users\C27Grace.Kurian\ece281\LAB\lab5.copy\Lab-5\src\TDM4.vhd:]
WARNING: [filemgmt 56-199] Attempt to get parsing info during refresh. "On-the-fly" syntax checking information may be incorrect. [C:\Users\C27Grace.Kurian\ece281\LAB\lab5.copy\Lab-5\src\ALU.vhd:]
WARNING: [filemgmt 56-199] Attempt to get parsing info during refresh. "On-the-fly" syntax checking information may be incorrect. [C:\Users\C27Grace.Kurian\ece281\LAB\lab5.copy\Lab-5\src\top_basys3.vhd:]
WARNING: [filemgmt 56-199] Attempt to get parsing info during refresh. "On-the-fly" syntax checking information may be incorrect. [C:\Users\C27Grace.Kurian\ece281\LAB\lab5.copy\Lab-5\src\top_basys3.vhd:]
ERROR: [Common 17-180] Spawn failed: No error
launch_runs impl_1 -to_step write_bitstream -jobs 8
[Mon May  5 14:32:36 2025] Launched synth_1...
Run output will be captured here: C:/Users/C27Grace.Kurian/ece281/LAB/lab5.copy/Lab-5/basic_cpu.runs/synth_1/runme.log
[Mon May  5 14:32:37 2025] Launched impl_1...
Run output will be captured here: C:/Users/C27Grace.Kurian/ece281/LAB/lab5.copy/Lab-5/basic_cpu.runs/impl_1/runme.log
reset_run synth_1
WARNING: [Vivado 12-1017] Problems encountered:
1. PID not specified

launch_runs impl_1 -to_step write_bitstream -jobs 8
[Mon May  5 14:32:45 2025] Launched synth_1...
Run output will be captured here: C:/Users/C27Grace.Kurian/ece281/LAB/lab5.copy/Lab-5/basic_cpu.runs/synth_1/runme.log
[Mon May  5 14:32:45 2025] Launched impl_1...
Run output will be captured here: C:/Users/C27Grace.Kurian/ece281/LAB/lab5.copy/Lab-5/basic_cpu.runs/impl_1/runme.log
open_hw_manager
WARNING: [filemgmt 56-199] Attempt to get parsing info during refresh. "On-the-fly" syntax checking information may be incorrect. [C:\Users\C27Grace.Kurian\ece281\LAB\lab5.copy\Lab-5\src\twoscomp_decimal.vhd:]
WARNING: [filemgmt 56-199] Attempt to get parsing info during refresh. "On-the-fly" syntax checking information may be incorrect. [C:\Users\C27Grace.Kurian\ece281\LAB\lab5.copy\Lab-5\basic_cpu.srcs\sources_1\imports\src\sevenSegDecoder.vhd:]
WARNING: [filemgmt 56-199] Attempt to get parsing info during refresh. "On-the-fly" syntax checking information may be incorrect. [C:\Users\C27Grace.Kurian\ece281\LAB\lab5.copy\Lab-5\src\top_basys3.vhd:]
WARNING: [filemgmt 56-199] Attempt to get parsing info during refresh. "On-the-fly" syntax checking information may be incorrect. [C:\Users\C27Grace.Kurian\ece281\LAB\lab5.copy\Lab-5\src\TDM4.vhd:]
WARNING: [filemgmt 56-199] Attempt to get parsing info during refresh. "On-the-fly" syntax checking information may be incorrect. [C:\Users\C27Grace.Kurian\ece281\LAB\lab5.copy\Lab-5\src\ALU.vhd:]
WARNING: [filemgmt 56-199] Attempt to get parsing info during refresh. "On-the-fly" syntax checking information may be incorrect. [C:\Users\C27Grace.Kurian\ece281\LAB\lab5.copy\Lab-5\src\ALU.vhd:]
WARNING: [filemgmt 56-199] Attempt to get parsing info during refresh. "On-the-fly" syntax checking information may be incorrect. [C:\Users\C27Grace.Kurian\ece281\LAB\lab5.copy\Lab-5\src\ALU.vhd:]
WARNING: [filemgmt 56-199] Attempt to get parsing info during refresh. "On-the-fly" syntax checking information may be incorrect. [C:\Users\C27Grace.Kurian\ece281\LAB\lab5.copy\Lab-5\src\twoscomp_decimal.vhd:]
WARNING: [filemgmt 56-199] Attempt to get parsing info during refresh. "On-the-fly" syntax checking information may be incorrect. [C:\Users\C27Grace.Kurian\ece281\LAB\lab5.copy\Lab-5\basic_cpu.srcs\sources_1\imports\src\sevenSegDecoder.vhd:]
WARNING: [filemgmt 56-199] Attempt to get parsing info during refresh. "On-the-fly" syntax checking information may be incorrect. [C:\Users\C27Grace.Kurian\ece281\LAB\lab5.copy\Lab-5\src\top_basys3.vhd:]
WARNING: [filemgmt 56-199] Attempt to get parsing info during refresh. "On-the-fly" syntax checking information may be incorrect. [C:\Users\C27Grace.Kurian\ece281\LAB\lab5.copy\Lab-5\src\TDM4.vhd:]
WARNING: [filemgmt 56-199] Attempt to get parsing info during refresh. "On-the-fly" syntax checking information may be incorrect. [C:\Users\C27Grace.Kurian\ece281\LAB\lab5.copy\Lab-5\src\ALU.vhd:]
WARNING: [filemgmt 56-199] Attempt to get parsing info during refresh. "On-the-fly" syntax checking information may be incorrect. [C:\Users\C27Grace.Kurian\ece281\LAB\lab5.copy\Lab-5\basic_cpu.srcs\sources_1\imports\src\sevenSegDecoder.vhd:]
WARNING: [filemgmt 56-199] Attempt to get parsing info during refresh. "On-the-fly" syntax checking information may be incorrect. [C:\Users\C27Grace.Kurian\ece281\LAB\lab5.copy\Lab-5\basic_cpu.srcs\sources_1\imports\src\sevenSegDecoder.vhd:]
reset_run synth_1
launch_runs impl_1 -to_step write_bitstream -jobs 8
WARNING: [filemgmt 56-199] Attempt to get parsing info during refresh. "On-the-fly" syntax checking information may be incorrect. [C:\Users\C27Grace.Kurian\ece281\LAB\lab5.copy\Lab-5\src\twoscomp_decimal.vhd:]
WARNING: [filemgmt 56-199] Attempt to get parsing info during refresh. "On-the-fly" syntax checking information may be incorrect. [C:\Users\C27Grace.Kurian\ece281\LAB\lab5.copy\Lab-5\basic_cpu.srcs\sources_1\imports\src\sevenSegDecoder.vhd:]
WARNING: [filemgmt 56-199] Attempt to get parsing info during refresh. "On-the-fly" syntax checking information may be incorrect. [C:\Users\C27Grace.Kurian\ece281\LAB\lab5.copy\Lab-5\src\top_basys3.vhd:]
WARNING: [filemgmt 56-199] Attempt to get parsing info during refresh. "On-the-fly" syntax checking information may be incorrect. [C:\Users\C27Grace.Kurian\ece281\LAB\lab5.copy\Lab-5\src\TDM4.vhd:]
WARNING: [filemgmt 56-199] Attempt to get parsing info during refresh. "On-the-fly" syntax checking information may be incorrect. [C:\Users\C27Grace.Kurian\ece281\LAB\lab5.copy\Lab-5\src\ALU.vhd:]
WARNING: [filemgmt 56-199] Attempt to get parsing info during refresh. "On-the-fly" syntax checking information may be incorrect. [C:\Users\C27Grace.Kurian\ece281\LAB\lab5.copy\Lab-5\src\TDM4.vhd:]
WARNING: [filemgmt 56-199] Attempt to get parsing info during refresh. "On-the-fly" syntax checking information may be incorrect. [C:\Users\C27Grace.Kurian\ece281\LAB\lab5.copy\Lab-5\src\TDM4.vhd:]
WARNING: [filemgmt 56-199] Attempt to get parsing info during refresh. "On-the-fly" syntax checking information may be incorrect. [C:\Users\C27Grace.Kurian\ece281\LAB\lab5.copy\Lab-5\src\twoscomp_decimal.vhd:]
WARNING: [filemgmt 56-199] Attempt to get parsing info during refresh. "On-the-fly" syntax checking information may be incorrect. [C:\Users\C27Grace.Kurian\ece281\LAB\lab5.copy\Lab-5\basic_cpu.srcs\sources_1\imports\src\sevenSegDecoder.vhd:]
WARNING: [filemgmt 56-199] Attempt to get parsing info during refresh. "On-the-fly" syntax checking information may be incorrect. [C:\Users\C27Grace.Kurian\ece281\LAB\lab5.copy\Lab-5\src\top_basys3.vhd:]
WARNING: [filemgmt 56-199] Attempt to get parsing info during refresh. "On-the-fly" syntax checking information may be incorrect. [C:\Users\C27Grace.Kurian\ece281\LAB\lab5.copy\Lab-5\src\TDM4.vhd:]
WARNING: [filemgmt 56-199] Attempt to get parsing info during refresh. "On-the-fly" syntax checking information may be incorrect. [C:\Users\C27Grace.Kurian\ece281\LAB\lab5.copy\Lab-5\src\ALU.vhd:]
WARNING: [filemgmt 56-199] Attempt to get parsing info during refresh. "On-the-fly" syntax checking information may be incorrect. [C:\Users\C27Grace.Kurian\ece281\LAB\lab5.copy\Lab-5\src\top_basys3.vhd:]
WARNING: [filemgmt 56-199] Attempt to get parsing info during refresh. "On-the-fly" syntax checking information may be incorrect. [C:\Users\C27Grace.Kurian\ece281\LAB\lab5.copy\Lab-5\src\top_basys3.vhd:]
[Mon May  5 14:34:07 2025] Launched synth_1...
Run output will be captured here: C:/Users/C27Grace.Kurian/ece281/LAB/lab5.copy/Lab-5/basic_cpu.runs/synth_1/runme.log
[Mon May  5 14:34:07 2025] Launched impl_1...
Run output will be captured here: C:/Users/C27Grace.Kurian/ece281/LAB/lab5.copy/Lab-5/basic_cpu.runs/impl_1/runme.log
connect_hw_server -allow_non_jtag
INFO: [Labtools 27-2285] Connecting to hw_server url TCP:localhost:3121
INFO: [Labtools 27-2222] Launching hw_server...
INFO: [Labtools 27-2221] Launch Output:

****** Xilinx hw_server v2024.2
  **** Build date : Oct 29 2024 at 10:25:41
    ** Copyright 1986-2022 Xilinx, Inc. All Rights Reserved.


INFO: [Labtools 27-3415] Connecting to cs_server url TCP:localhost:0
INFO: [Labtools 27-3417] Launching cs_server...
INFO: [Labtools 27-2221] Launch Output:


******** Xilinx cs_server v2024.2.0
  ****** Build date   : Oct 30 2024-12:19:07
    **** Build number : 2024.2.1730312347
      ** Copyright 2017-2022 Xilinx, Inc. All Rights Reserved.
      ** Copyright 2022-2025 Advanced Micro Devices, Inc. All Rights Reserved.



connect_hw_server: Time (s): cpu = 00:00:01 ; elapsed = 00:00:22 . Memory (MB): peak = 1282.477 ; gain = 0.000
open_hw_target
INFO: [Labtoolstcl 44-466] Opening hw_target localhost:3121/xilinx_tcf/Digilent/210183AF2979A
current_hw_device [get_hw_devices xc7a35t_0]
refresh_hw_device -update_hw_probes false [lindex [get_hw_devices xc7a35t_0] 0]
INFO: [Labtools 27-1434] Device xc7a35t (JTAG device index = 0) is programmed with a design that has no supported debug core(s) in it.
set_property PROBES.FILE {} [get_hw_devices xc7a35t_0]
set_property FULL_PROBES.FILE {} [get_hw_devices xc7a35t_0]
set_property PROGRAM.FILE {C:/Users/C27Grace.Kurian/ece281/LAB/lab5.copy/Lab-5/basic_cpu.runs/impl_1/top_basys3.bit} [get_hw_devices xc7a35t_0]
program_hw_devices [get_hw_devices xc7a35t_0]
INFO: [Labtools 27-3164] End of startup status: HIGH
refresh_hw_device [lindex [get_hw_devices xc7a35t_0] 0]
INFO: [Labtools 27-1434] Device xc7a35t (JTAG device index = 0) is programmed with a design that has no supported debug core(s) in it.
WARNING: [filemgmt 56-199] Attempt to get parsing info during refresh. "On-the-fly" syntax checking information may be incorrect. [C:\Users\C27Grace.Kurian\ece281\LAB\lab5.copy\Lab-5\src\twoscomp_decimal.vhd:]
WARNING: [filemgmt 56-199] Attempt to get parsing info during refresh. "On-the-fly" syntax checking information may be incorrect. [C:\Users\C27Grace.Kurian\ece281\LAB\lab5.copy\Lab-5\basic_cpu.srcs\sources_1\imports\src\sevenSegDecoder.vhd:]
WARNING: [filemgmt 56-199] Attempt to get parsing info during refresh. "On-the-fly" syntax checking information may be incorrect. [C:\Users\C27Grace.Kurian\ece281\LAB\lab5.copy\Lab-5\src\top_basys3.vhd:]
WARNING: [filemgmt 56-199] Attempt to get parsing info during refresh. "On-the-fly" syntax checking information may be incorrect. [C:\Users\C27Grace.Kurian\ece281\LAB\lab5.copy\Lab-5\src\TDM4.vhd:]
WARNING: [filemgmt 56-199] Attempt to get parsing info during refresh. "On-the-fly" syntax checking information may be incorrect. [C:\Users\C27Grace.Kurian\ece281\LAB\lab5.copy\Lab-5\src\ALU.vhd:]
WARNING: [filemgmt 56-199] Attempt to get parsing info during refresh. "On-the-fly" syntax checking information may be incorrect. [C:\Users\C27Grace.Kurian\ece281\LAB\lab5.copy\Lab-5\src\ALU.vhd:]
WARNING: [filemgmt 56-199] Attempt to get parsing info during refresh. "On-the-fly" syntax checking information may be incorrect. [C:\Users\C27Grace.Kurian\ece281\LAB\lab5.copy\Lab-5\src\ALU.vhd:]
WARNING: [filemgmt 56-199] Attempt to get parsing info during refresh. "On-the-fly" syntax checking information may be incorrect. [C:\Users\C27Grace.Kurian\ece281\LAB\lab5.copy\Lab-5\src\twoscomp_decimal.vhd:]
WARNING: [filemgmt 56-199] Attempt to get parsing info during refresh. "On-the-fly" syntax checking information may be incorrect. [C:\Users\C27Grace.Kurian\ece281\LAB\lab5.copy\Lab-5\basic_cpu.srcs\sources_1\imports\src\sevenSegDecoder.vhd:]
WARNING: [filemgmt 56-199] Attempt to get parsing info during refresh. "On-the-fly" syntax checking information may be incorrect. [C:\Users\C27Grace.Kurian\ece281\LAB\lab5.copy\Lab-5\src\top_basys3.vhd:]
WARNING: [filemgmt 56-199] Attempt to get parsing info during refresh. "On-the-fly" syntax checking information may be incorrect. [C:\Users\C27Grace.Kurian\ece281\LAB\lab5.copy\Lab-5\src\TDM4.vhd:]
WARNING: [filemgmt 56-199] Attempt to get parsing info during refresh. "On-the-fly" syntax checking information may be incorrect. [C:\Users\C27Grace.Kurian\ece281\LAB\lab5.copy\Lab-5\src\ALU.vhd:]
WARNING: [filemgmt 56-199] Attempt to get parsing info during refresh. "On-the-fly" syntax checking information may be incorrect. [C:\Users\C27Grace.Kurian\ece281\LAB\lab5.copy\Lab-5\basic_cpu.srcs\sources_1\imports\src\sevenSegDecoder.vhd:]
WARNING: [filemgmt 56-199] Attempt to get parsing info during refresh. "On-the-fly" syntax checking information may be incorrect. [C:\Users\C27Grace.Kurian\ece281\LAB\lab5.copy\Lab-5\basic_cpu.srcs\sources_1\imports\src\sevenSegDecoder.vhd:]
WARNING: [filemgmt 56-199] Attempt to get parsing info during refresh. "On-the-fly" syntax checking information may be incorrect. [C:\Users\C27Grace.Kurian\ece281\LAB\lab5.copy\Lab-5\src\twoscomp_decimal.vhd:]
WARNING: [filemgmt 56-199] Attempt to get parsing info during refresh. "On-the-fly" syntax checking information may be incorrect. [C:\Users\C27Grace.Kurian\ece281\LAB\lab5.copy\Lab-5\basic_cpu.srcs\sources_1\imports\src\sevenSegDecoder.vhd:]
WARNING: [filemgmt 56-199] Attempt to get parsing info during refresh. "On-the-fly" syntax checking information may be incorrect. [C:\Users\C27Grace.Kurian\ece281\LAB\lab5.copy\Lab-5\src\top_basys3.vhd:]
WARNING: [filemgmt 56-199] Attempt to get parsing info during refresh. "On-the-fly" syntax checking information may be incorrect. [C:\Users\C27Grace.Kurian\ece281\LAB\lab5.copy\Lab-5\src\TDM4.vhd:]
WARNING: [filemgmt 56-199] Attempt to get parsing info during refresh. "On-the-fly" syntax checking information may be incorrect. [C:\Users\C27Grace.Kurian\ece281\LAB\lab5.copy\Lab-5\src\ALU.vhd:]
WARNING: [filemgmt 56-199] Attempt to get parsing info during refresh. "On-the-fly" syntax checking information may be incorrect. [C:\Users\C27Grace.Kurian\ece281\LAB\lab5.copy\Lab-5\src\TDM4.vhd:]
WARNING: [filemgmt 56-199] Attempt to get parsing info during refresh. "On-the-fly" syntax checking information may be incorrect. [C:\Users\C27Grace.Kurian\ece281\LAB\lab5.copy\Lab-5\src\TDM4.vhd:]
WARNING: [filemgmt 56-199] Attempt to get parsing info during refresh. "On-the-fly" syntax checking information may be incorrect. [C:\Users\C27Grace.Kurian\ece281\LAB\lab5.copy\Lab-5\src\twoscomp_decimal.vhd:]
WARNING: [filemgmt 56-199] Attempt to get parsing info during refresh. "On-the-fly" syntax checking information may be incorrect. [C:\Users\C27Grace.Kurian\ece281\LAB\lab5.copy\Lab-5\basic_cpu.srcs\sources_1\imports\src\sevenSegDecoder.vhd:]
WARNING: [filemgmt 56-199] Attempt to get parsing info during refresh. "On-the-fly" syntax checking information may be incorrect. [C:\Users\C27Grace.Kurian\ece281\LAB\lab5.copy\Lab-5\src\top_basys3.vhd:]
WARNING: [filemgmt 56-199] Attempt to get parsing info during refresh. "On-the-fly" syntax checking information may be incorrect. [C:\Users\C27Grace.Kurian\ece281\LAB\lab5.copy\Lab-5\src\TDM4.vhd:]
WARNING: [filemgmt 56-199] Attempt to get parsing info during refresh. "On-the-fly" syntax checking information may be incorrect. [C:\Users\C27Grace.Kurian\ece281\LAB\lab5.copy\Lab-5\src\ALU.vhd:]
WARNING: [filemgmt 56-199] Attempt to get parsing info during refresh. "On-the-fly" syntax checking information may be incorrect. [C:\Users\C27Grace.Kurian\ece281\LAB\lab5.copy\Lab-5\src\twoscomp_decimal.vhd:]
WARNING: [filemgmt 56-199] Attempt to get parsing info during refresh. "On-the-fly" syntax checking information may be incorrect. [C:\Users\C27Grace.Kurian\ece281\LAB\lab5.copy\Lab-5\src\twoscomp_decimal.vhd:]
reset_run impl_1 -prev_step 
launch_runs impl_1 -to_step write_bitstream -jobs 8
[Mon May  5 14:42:16 2025] Launched impl_1...
Run output will be captured here: C:/Users/C27Grace.Kurian/ece281/LAB/lab5.copy/Lab-5/basic_cpu.runs/impl_1/runme.log
set_property PROBES.FILE {} [get_hw_devices xc7a35t_0]
set_property FULL_PROBES.FILE {} [get_hw_devices xc7a35t_0]
set_property PROGRAM.FILE {C:/Users/C27Grace.Kurian/ece281/LAB/lab5.copy/Lab-5/basic_cpu.runs/impl_1/top_basys3.bit} [get_hw_devices xc7a35t_0]
program_hw_devices [get_hw_devices xc7a35t_0]
INFO: [Labtools 27-3164] End of startup status: HIGH
refresh_hw_device [lindex [get_hw_devices xc7a35t_0] 0]
INFO: [Labtools 27-1434] Device xc7a35t (JTAG device index = 0) is programmed with a design that has no supported debug core(s) in it.
WARNING: [filemgmt 56-199] Attempt to get parsing info during refresh. "On-the-fly" syntax checking information may be incorrect. [C:\Users\C27Grace.Kurian\ece281\LAB\lab5.copy\Lab-5\src\twoscomp_decimal.vhd:]
WARNING: [filemgmt 56-199] Attempt to get parsing info during refresh. "On-the-fly" syntax checking information may be incorrect. [C:\Users\C27Grace.Kurian\ece281\LAB\lab5.copy\Lab-5\basic_cpu.srcs\sources_1\imports\src\sevenSegDecoder.vhd:]
WARNING: [filemgmt 56-199] Attempt to get parsing info during refresh. "On-the-fly" syntax checking information may be incorrect. [C:\Users\C27Grace.Kurian\ece281\LAB\lab5.copy\Lab-5\src\top_basys3.vhd:]
WARNING: [filemgmt 56-199] Attempt to get parsing info during refresh. "On-the-fly" syntax checking information may be incorrect. [C:\Users\C27Grace.Kurian\ece281\LAB\lab5.copy\Lab-5\src\TDM4.vhd:]
WARNING: [filemgmt 56-199] Attempt to get parsing info during refresh. "On-the-fly" syntax checking information may be incorrect. [C:\Users\C27Grace.Kurian\ece281\LAB\lab5.copy\Lab-5\src\ALU.vhd:]
WARNING: [filemgmt 56-199] Attempt to get parsing info during refresh. "On-the-fly" syntax checking information may be incorrect. [C:\Users\C27Grace.Kurian\ece281\LAB\lab5.copy\Lab-5\src\ALU.vhd:]
WARNING: [filemgmt 56-199] Attempt to get parsing info during refresh. "On-the-fly" syntax checking information may be incorrect. [C:\Users\C27Grace.Kurian\ece281\LAB\lab5.copy\Lab-5\src\ALU.vhd:]
WARNING: [filemgmt 56-199] Attempt to get parsing info during refresh. "On-the-fly" syntax checking information may be incorrect. [C:\Users\C27Grace.Kurian\ece281\LAB\lab5.copy\Lab-5\src\twoscomp_decimal.vhd:]
WARNING: [filemgmt 56-199] Attempt to get parsing info during refresh. "On-the-fly" syntax checking information may be incorrect. [C:\Users\C27Grace.Kurian\ece281\LAB\lab5.copy\Lab-5\basic_cpu.srcs\sources_1\imports\src\sevenSegDecoder.vhd:]
WARNING: [filemgmt 56-199] Attempt to get parsing info during refresh. "On-the-fly" syntax checking information may be incorrect. [C:\Users\C27Grace.Kurian\ece281\LAB\lab5.copy\Lab-5\src\top_basys3.vhd:]
WARNING: [filemgmt 56-199] Attempt to get parsing info during refresh. "On-the-fly" syntax checking information may be incorrect. [C:\Users\C27Grace.Kurian\ece281\LAB\lab5.copy\Lab-5\src\TDM4.vhd:]
WARNING: [filemgmt 56-199] Attempt to get parsing info during refresh. "On-the-fly" syntax checking information may be incorrect. [C:\Users\C27Grace.Kurian\ece281\LAB\lab5.copy\Lab-5\src\ALU.vhd:]
WARNING: [filemgmt 56-199] Attempt to get parsing info during refresh. "On-the-fly" syntax checking information may be incorrect. [C:\Users\C27Grace.Kurian\ece281\LAB\lab5.copy\Lab-5\basic_cpu.srcs\sources_1\imports\src\sevenSegDecoder.vhd:]
WARNING: [filemgmt 56-199] Attempt to get parsing info during refresh. "On-the-fly" syntax checking information may be incorrect. [C:\Users\C27Grace.Kurian\ece281\LAB\lab5.copy\Lab-5\basic_cpu.srcs\sources_1\imports\src\sevenSegDecoder.vhd:]
reset_run synth_1
INFO: [Project 1-1161] Replacing file C:/Users/C27Grace.Kurian/ece281/LAB/lab5.copy/Lab-5/basic_cpu.srcs/utils_1/imports/synth_1/top_basys3.dcp with file C:/Users/C27Grace.Kurian/ece281/LAB/lab5.copy/Lab-5/basic_cpu.runs/synth_1/top_basys3.dcp
WARNING: [filemgmt 56-199] Attempt to get parsing info during refresh. "On-the-fly" syntax checking information may be incorrect. [C:\Users\C27Grace.Kurian\ece281\LAB\lab5.copy\Lab-5\src\twoscomp_decimal.vhd:]
WARNING: [filemgmt 56-199] Attempt to get parsing info during refresh. "On-the-fly" syntax checking information may be incorrect. [C:\Users\C27Grace.Kurian\ece281\LAB\lab5.copy\Lab-5\basic_cpu.srcs\sources_1\imports\src\sevenSegDecoder.vhd:]
WARNING: [filemgmt 56-199] Attempt to get parsing info during refresh. "On-the-fly" syntax checking information may be incorrect. [C:\Users\C27Grace.Kurian\ece281\LAB\lab5.copy\Lab-5\src\top_basys3.vhd:]
WARNING: [filemgmt 56-199] Attempt to get parsing info during refresh. "On-the-fly" syntax checking information may be incorrect. [C:\Users\C27Grace.Kurian\ece281\LAB\lab5.copy\Lab-5\src\TDM4.vhd:]
WARNING: [filemgmt 56-199] Attempt to get parsing info during refresh. "On-the-fly" syntax checking information may be incorrect. [C:\Users\C27Grace.Kurian\ece281\LAB\lab5.copy\Lab-5\src\ALU.vhd:]
WARNING: [filemgmt 56-199] Attempt to get parsing info during refresh. "On-the-fly" syntax checking information may be incorrect. [C:\Users\C27Grace.Kurian\ece281\LAB\lab5.copy\Lab-5\src\top_basys3.vhd:]
WARNING: [filemgmt 56-199] Attempt to get parsing info during refresh. "On-the-fly" syntax checking information may be incorrect. [C:\Users\C27Grace.Kurian\ece281\LAB\lab5.copy\Lab-5\src\top_basys3.vhd:]
WARNING: [filemgmt 56-199] Attempt to get parsing info during refresh. "On-the-fly" syntax checking information may be incorrect. [C:\Users\C27Grace.Kurian\ece281\LAB\lab5.copy\Lab-5\src\twoscomp_decimal.vhd:]
WARNING: [filemgmt 56-199] Attempt to get parsing info during refresh. "On-the-fly" syntax checking information may be incorrect. [C:\Users\C27Grace.Kurian\ece281\LAB\lab5.copy\Lab-5\basic_cpu.srcs\sources_1\imports\src\sevenSegDecoder.vhd:]
WARNING: [filemgmt 56-199] Attempt to get parsing info during refresh. "On-the-fly" syntax checking information may be incorrect. [C:\Users\C27Grace.Kurian\ece281\LAB\lab5.copy\Lab-5\src\top_basys3.vhd:]
WARNING: [filemgmt 56-199] Attempt to get parsing info during refresh. "On-the-fly" syntax checking information may be incorrect. [C:\Users\C27Grace.Kurian\ece281\LAB\lab5.copy\Lab-5\src\TDM4.vhd:]
WARNING: [filemgmt 56-199] Attempt to get parsing info during refresh. "On-the-fly" syntax checking information may be incorrect. [C:\Users\C27Grace.Kurian\ece281\LAB\lab5.copy\Lab-5\src\ALU.vhd:]
WARNING: [filemgmt 56-199] Attempt to get parsing info during refresh. "On-the-fly" syntax checking information may be incorrect. [C:\Users\C27Grace.Kurian\ece281\LAB\lab5.copy\Lab-5\src\TDM4.vhd:]
WARNING: [filemgmt 56-199] Attempt to get parsing info during refresh. "On-the-fly" syntax checking information may be incorrect. [C:\Users\C27Grace.Kurian\ece281\LAB\lab5.copy\Lab-5\src\TDM4.vhd:]
WARNING: [filemgmt 56-199] Attempt to get parsing info during refresh. "On-the-fly" syntax checking information may be incorrect. [C:\Users\C27Grace.Kurian\ece281\LAB\lab5.copy\Lab-5\src\twoscomp_decimal.vhd:]
WARNING: [filemgmt 56-199] Attempt to get parsing info during refresh. "On-the-fly" syntax checking information may be incorrect. [C:\Users\C27Grace.Kurian\ece281\LAB\lab5.copy\Lab-5\basic_cpu.srcs\sources_1\imports\src\sevenSegDecoder.vhd:]
WARNING: [filemgmt 56-199] Attempt to get parsing info during refresh. "On-the-fly" syntax checking information may be incorrect. [C:\Users\C27Grace.Kurian\ece281\LAB\lab5.copy\Lab-5\src\top_basys3.vhd:]
WARNING: [filemgmt 56-199] Attempt to get parsing info during refresh. "On-the-fly" syntax checking information may be incorrect. [C:\Users\C27Grace.Kurian\ece281\LAB\lab5.copy\Lab-5\src\TDM4.vhd:]
WARNING: [filemgmt 56-199] Attempt to get parsing info during refresh. "On-the-fly" syntax checking information may be incorrect. [C:\Users\C27Grace.Kurian\ece281\LAB\lab5.copy\Lab-5\src\ALU.vhd:]
WARNING: [filemgmt 56-199] Attempt to get parsing info during refresh. "On-the-fly" syntax checking information may be incorrect. [C:\Users\C27Grace.Kurian\ece281\LAB\lab5.copy\Lab-5\src\twoscomp_decimal.vhd:]
WARNING: [filemgmt 56-199] Attempt to get parsing info during refresh. "On-the-fly" syntax checking information may be incorrect. [C:\Users\C27Grace.Kurian\ece281\LAB\lab5.copy\Lab-5\src\twoscomp_decimal.vhd:]
ERROR: [Common 17-180] Spawn failed: No error
WARNING: [filemgmt 56-199] Attempt to get parsing info during refresh. "On-the-fly" syntax checking information may be incorrect. [C:\Users\C27Grace.Kurian\ece281\LAB\lab5.copy\Lab-5\src\twoscomp_decimal.vhd:]
WARNING: [filemgmt 56-199] Attempt to get parsing info during refresh. "On-the-fly" syntax checking information may be incorrect. [C:\Users\C27Grace.Kurian\ece281\LAB\lab5.copy\Lab-5\basic_cpu.srcs\sources_1\imports\src\sevenSegDecoder.vhd:]
WARNING: [filemgmt 56-199] Attempt to get parsing info during refresh. "On-the-fly" syntax checking information may be incorrect. [C:\Users\C27Grace.Kurian\ece281\LAB\lab5.copy\Lab-5\src\top_basys3.vhd:]
WARNING: [filemgmt 56-199] Attempt to get parsing info during refresh. "On-the-fly" syntax checking information may be incorrect. [C:\Users\C27Grace.Kurian\ece281\LAB\lab5.copy\Lab-5\src\TDM4.vhd:]
WARNING: [filemgmt 56-199] Attempt to get parsing info during refresh. "On-the-fly" syntax checking information may be incorrect. [C:\Users\C27Grace.Kurian\ece281\LAB\lab5.copy\Lab-5\src\ALU.vhd:]
WARNING: [filemgmt 56-199] Attempt to get parsing info during refresh. "On-the-fly" syntax checking information may be incorrect. [C:\Users\C27Grace.Kurian\ece281\LAB\lab5.copy\Lab-5\src\top_basys3.vhd:]
WARNING: [filemgmt 56-199] Attempt to get parsing info during refresh. "On-the-fly" syntax checking information may be incorrect. [C:\Users\C27Grace.Kurian\ece281\LAB\lab5.copy\Lab-5\src\top_basys3.vhd:]
ERROR: [Common 17-180] Spawn failed: No error
WARNING: [filemgmt 56-199] Attempt to get parsing info during refresh. "On-the-fly" syntax checking information may be incorrect. [C:\Users\C27Grace.Kurian\ece281\LAB\lab5.copy\Lab-5\src\twoscomp_decimal.vhd:]
WARNING: [filemgmt 56-199] Attempt to get parsing info during refresh. "On-the-fly" syntax checking information may be incorrect. [C:\Users\C27Grace.Kurian\ece281\LAB\lab5.copy\Lab-5\basic_cpu.srcs\sources_1\imports\src\sevenSegDecoder.vhd:]
WARNING: [filemgmt 56-199] Attempt to get parsing info during refresh. "On-the-fly" syntax checking information may be incorrect. [C:\Users\C27Grace.Kurian\ece281\LAB\lab5.copy\Lab-5\src\top_basys3.vhd:]
WARNING: [filemgmt 56-199] Attempt to get parsing info during refresh. "On-the-fly" syntax checking information may be incorrect. [C:\Users\C27Grace.Kurian\ece281\LAB\lab5.copy\Lab-5\src\TDM4.vhd:]
WARNING: [filemgmt 56-199] Attempt to get parsing info during refresh. "On-the-fly" syntax checking information may be incorrect. [C:\Users\C27Grace.Kurian\ece281\LAB\lab5.copy\Lab-5\src\ALU.vhd:]
WARNING: [filemgmt 56-199] Attempt to get parsing info during refresh. "On-the-fly" syntax checking information may be incorrect. [C:\Users\C27Grace.Kurian\ece281\LAB\lab5.copy\Lab-5\src\TDM4.vhd:]
WARNING: [filemgmt 56-199] Attempt to get parsing info during refresh. "On-the-fly" syntax checking information may be incorrect. [C:\Users\C27Grace.Kurian\ece281\LAB\lab5.copy\Lab-5\src\TDM4.vhd:]
ERROR: [Common 17-180] Spawn failed: No error
WARNING: [filemgmt 56-199] Attempt to get parsing info during refresh. "On-the-fly" syntax checking information may be incorrect. [C:\Users\C27Grace.Kurian\ece281\LAB\lab5.copy\Lab-5\src\twoscomp_decimal.vhd:]
WARNING: [filemgmt 56-199] Attempt to get parsing info during refresh. "On-the-fly" syntax checking information may be incorrect. [C:\Users\C27Grace.Kurian\ece281\LAB\lab5.copy\Lab-5\basic_cpu.srcs\sources_1\imports\src\sevenSegDecoder.vhd:]
WARNING: [filemgmt 56-199] Attempt to get parsing info during refresh. "On-the-fly" syntax checking information may be incorrect. [C:\Users\C27Grace.Kurian\ece281\LAB\lab5.copy\Lab-5\src\top_basys3.vhd:]
WARNING: [filemgmt 56-199] Attempt to get parsing info during refresh. "On-the-fly" syntax checking information may be incorrect. [C:\Users\C27Grace.Kurian\ece281\LAB\lab5.copy\Lab-5\src\TDM4.vhd:]
WARNING: [filemgmt 56-199] Attempt to get parsing info during refresh. "On-the-fly" syntax checking information may be incorrect. [C:\Users\C27Grace.Kurian\ece281\LAB\lab5.copy\Lab-5\src\ALU.vhd:]
WARNING: [filemgmt 56-199] Attempt to get parsing info during refresh. "On-the-fly" syntax checking information may be incorrect. [C:\Users\C27Grace.Kurian\ece281\LAB\lab5.copy\Lab-5\src\twoscomp_decimal.vhd:]
WARNING: [filemgmt 56-199] Attempt to get parsing info during refresh. "On-the-fly" syntax checking information may be incorrect. [C:\Users\C27Grace.Kurian\ece281\LAB\lab5.copy\Lab-5\src\twoscomp_decimal.vhd:]
launch_runs impl_1 -to_step write_bitstream -jobs 8
ERROR: [Common 17-180] Spawn failed: No error
WARNING: [filemgmt 56-199] Attempt to get parsing info during refresh. "On-the-fly" syntax checking information may be incorrect. [C:\Users\C27Grace.Kurian\ece281\LAB\lab5.copy\Lab-5\src\twoscomp_decimal.vhd:]
WARNING: [filemgmt 56-199] Attempt to get parsing info during refresh. "On-the-fly" syntax checking information may be incorrect. [C:\Users\C27Grace.Kurian\ece281\LAB\lab5.copy\Lab-5\basic_cpu.srcs\sources_1\imports\src\sevenSegDecoder.vhd:]
WARNING: [filemgmt 56-199] Attempt to get parsing info during refresh. "On-the-fly" syntax checking information may be incorrect. [C:\Users\C27Grace.Kurian\ece281\LAB\lab5.copy\Lab-5\src\top_basys3.vhd:]
WARNING: [filemgmt 56-199] Attempt to get parsing info during refresh. "On-the-fly" syntax checking information may be incorrect. [C:\Users\C27Grace.Kurian\ece281\LAB\lab5.copy\Lab-5\src\TDM4.vhd:]
WARNING: [filemgmt 56-199] Attempt to get parsing info during refresh. "On-the-fly" syntax checking information may be incorrect. [C:\Users\C27Grace.Kurian\ece281\LAB\lab5.copy\Lab-5\src\ALU.vhd:]
WARNING: [filemgmt 56-199] Attempt to get parsing info during refresh. "On-the-fly" syntax checking information may be incorrect. [C:\Users\C27Grace.Kurian\ece281\LAB\lab5.copy\Lab-5\src\ALU.vhd:]
WARNING: [filemgmt 56-199] Attempt to get parsing info during refresh. "On-the-fly" syntax checking information may be incorrect. [C:\Users\C27Grace.Kurian\ece281\LAB\lab5.copy\Lab-5\src\ALU.vhd:]
ERROR: [Common 17-180] Spawn failed: No error
[Mon May  5 14:46:18 2025] Launched synth_1...
Run output will be captured here: C:/Users/C27Grace.Kurian/ece281/LAB/lab5.copy/Lab-5/basic_cpu.runs/synth_1/runme.log
[Mon May  5 14:46:18 2025] Launched impl_1...
Run output will be captured here: C:/Users/C27Grace.Kurian/ece281/LAB/lab5.copy/Lab-5/basic_cpu.runs/impl_1/runme.log
ERROR: [Common 17-39] 'launch_runs' failed due to earlier errors.
reset_run synth_1
WARNING: [Vivado 12-1017] Problems encountered:
1. PID not specified

launch_runs impl_1 -to_step write_bitstream -jobs 8
[Mon May  5 14:46:25 2025] Launched synth_1...
Run output will be captured here: C:/Users/C27Grace.Kurian/ece281/LAB/lab5.copy/Lab-5/basic_cpu.runs/synth_1/runme.log
[Mon May  5 14:46:25 2025] Launched impl_1...
Run output will be captured here: C:/Users/C27Grace.Kurian/ece281/LAB/lab5.copy/Lab-5/basic_cpu.runs/impl_1/runme.log
set_property PROBES.FILE {} [get_hw_devices xc7a35t_0]
set_property FULL_PROBES.FILE {} [get_hw_devices xc7a35t_0]
set_property PROGRAM.FILE {C:/Users/C27Grace.Kurian/ece281/LAB/lab5.copy/Lab-5/basic_cpu.runs/impl_1/top_basys3.bit} [get_hw_devices xc7a35t_0]
program_hw_devices [get_hw_devices xc7a35t_0]
INFO: [Labtools 27-3164] End of startup status: HIGH
refresh_hw_device [lindex [get_hw_devices xc7a35t_0] 0]
INFO: [Labtools 27-1434] Device xc7a35t (JTAG device index = 0) is programmed with a design that has no supported debug core(s) in it.
exit
INFO: [Common 17-206] Exiting Vivado at Mon May  5 14:51:07 2025...
